  exec: java.io.IOException: Cannot run program "/usr/local/i3/i3-save.sh": error=2, No such file or directory /usr/local/i3/i3-save.sh in save-code
  SD Initiation Successful
print 1234
  1234
print 1234
  1234
exit
  exit undefined
print 1234
  1234
.compile
  Compiling...
  ignore undefined in spi-TX
.compile
  Compiling...
  1545 bytes
.download
  1545 bytes
spi-init
  spi-init undefined
.compile
  Compiling...
  1545 bytes
.download
  1545 bytes
init-spi




  SD Initiation Failure: Card Not Resesting
  SD Initiation Failure: Card Not Resesting
.compile
  Compiling...
  1300 bytes
.download
  1300 bytes
.ul-init
  runvm error
  I don't know how to force-error in runvm
.stopvm
.ul-power
  runvm error
  I don't know how to force-error in runvm
stopvm
  stopvm undefined
.stopvm
print 1234
  1234
readADC 0
  you don't say what to do with readADC
.print readADC 0
  I don't know how to readADC
.compile
  Compiling...
  1309 bytes
.download
  1309 bytes
print 1234
  1234
readADC 0
  you don't say what to do with readADC
print readADC 0
  2048
print readADC 1
  2048
print readADC 1
  2048
print readADC 2
  2048
print readADC 3
  2048
print readADC 4
  2048
print readADC 5
  2048
print readADC 6
  2048
print readADC 7
  15
print readADC 8
  4094
print readADC 0
  2048
print readADC 0
  591
print readADC 0
  542
print readADC 0
  2048
print readADC 0
  2048
print readADC 0
  2048
print readADC 0
  1031
print readADC 0
  2048
print readADC 0
  1023
print readADC 0
  918
print readADC 0
  911
print readADC 0
  902
print 1234
  1234
readADC 0
  readADC undefined
.compile
  Compiling...
  1309 bytes
readADC 0
  you don't say what to do with readADC
print readADC 0
  2048
print readADC 0
  2048
print readADC 0
  2048
print readADC 0
  2048
print readADC 0
  2048
print readADC 0
  2048
print readADC 0
  2048
print readADC 0
  2048
print readADC 0
  2048
print readADC 0
  readADC undefined
.compile
  Compiling...
  1309 bytes
print readADC 0
  431

print readADC 0
  365
print readADC 0
  375
print readADC 0
  365
print readADC 0
  366
print 1234
  1234
redon
  redon undefined
.compile
  Compiling...
  1309 bytes
redon
ul-power
init-onboardleds
redon
redoff
blueon
blueoff
greenon
greenoff
.compile
  Compiling...
  yelloff undefined in ul-init
.compile
  Compiling...
  yellowon already defined
.compile
  Compiling...
  yelloff undefined in ul-init
.compile
  Compiling...
  1348 bytes
.download
  1348 bytes
ul-power
.compile
  Compiling...
  1357 bytes
.download
  1357 bytes
print read-light-sensor
  429
print read-light-sensor
  347
print read-light-sensor
  349
print read-light-sensor
  346
print read-light-sensor
  347
print read-light-sensor
  345
print read-light-sensor
  345
print read-light-sensor
  438
print read-light-sensor
  350
print read-light-sensor
  355
print read-light-sensor
  355
print read-light-sensor
  353
print read-light-sensor
  355










.compile
  Compiling...
  1374 bytes
.download
  1374 bytes
.ul-power
ul-init
ul-go
stopvm
  stopvm undefined
.stopvm
blueof
  blueof undefined
blueoff
exit
  exit undefined
.compile
  Compiling...
  1388 bytes
.download
  1388 bytes
ul-power
ul-init
ul-go
.rr
  Opening Project  RisingData
  project reloaded
.init
  master-packet has no value in receive-packet
.rr
  Opening Project  RisingData
  project reloaded
.init
  T10 1465247180 02570 65535 00076 06993 [34m 00001 00341 [37m 55556
  I don't know how to process-data-packet in receive-packet
.rr
  Opening Project  RisingData
  project reloaded
.init
  T10 1465247216 02570 65535 00080 03917 [34m 00001 00335 [37m 58634
  T10 1465247219 02570 65535 00081 08593 [34m 00001 00344 [37m 53948
  T10 1465247241 02570 65535 00084 00597 [34m 00001 00335 [37m 61950
  T10 1465247263 02570 65535 00086 02601 [34m 00001 00335 [37m 59944
  T10 1465247285 02570 65535 00088 04605 [34m 00001 00335 [37m 57938
  T10 1465247317 02570 65535 00091 07611 [34m 00001 00335 [37m 54929
  T10 1465247339 02570 65535 00093 09615 [34m 00001 00342 [37m 52916
  T10 1465247361 02570 65535 00096 01619 [34m 00001 00335 [37m 60916
  T10 1465247383 02570 65535 00098 03623 [34m 00001 00335 [37m 58910
  T10 1465247405 02570 65535 00100 05627 [34m 00001 00335 [37m 56904
  T10 1465247427 02570 65535 00102 07631 [34m 00001 00335 [37m 54898
  T10 1465247449 02570 65535 00104 09635 [34m 00001 00335 [37m 52892
  T10 1465247471 02570 65535 00107 01639 [34m 00001 00343 [37m 60877
  T10 1465247493 02570 65535 00109 03643 [34m 00001 00335 [37m 58879
  T10 1465247515 02570 65535 00111 05647 [34m 00001 00335 [37m 56873
  T10 1465247537 02570 65535 00113 07651 [34m 00001 00341 [37m 54861
  T10 1465247559 02570 65535 00115 09655 [34m 00001 00335 [37m 52861
  T10 1465247569 02570 65535 00117 09655 [34m 00001 00335 [37m 52861
  T10 1465247591 02570 65535 00119 02661 [34m 00001 00343 [37m 59843
  T10 1465247613 02570 65535 00121 04665 [34m 00001 00342 [37m 57838
  T10 1465247635 02570 65535 00123 06669 [34m 00001 00335 [37m 55839
  T10 1465247657 02570 65535 00125 08673 [34m 00001 00335 [37m 53833
  T10 1465247679 02570 65535 00128 00677 [34m 00001 00335 [37m 61826
  T10 1465247701 02570 65535 00130 02681 [34m 00001 00335 [37m 59820
  T10 1465247723 02570 65535 00132 04685 [34m 00001 00335 [37m 57814
  T10 1465247745 02570 65535 00134 06689 [34m 00001 00335 [37m 55808
  T10 1465247767 02570 65535 00136 08693 [34m 00001 00335 [37m 53802
  T10 1465247789 02570 65535 00139 00697 [34m 00001 00335 [37m 61795
  T10 1465247811 02570 65535 00141 02701 [34m 00001 00335 [37m 59789
  T10 1465247843 02570 65535 00144 05707 [34m 00001 00343 [37m 56772
  T10 1465247865 02570 65535 00146 07711 [34m 00001 00343 [37m 54766
  T10 1465247887 02570 65535 00148 09715 [34m 00001 00343 [37m 52760
  T10 1465247909 02570 65535 00151 01719 [34m 00001 00343 [37m 60753
  T10 1465247931 02570 65535 00153 03723 [34m 00001 00342 [37m 58748
  T10 1465247953 02570 65535 00155 05727 [34m 00001 00335 [37m 56749
  T10 1465247975 02570 65535 00157 07731 [34m 00001 00335 [37m 54743
  T10 1465247997 02570 65535 00159 09735 [34m 00001 00343 [37m 52729
  T10 1465248019 02570 65535 00162 01739 [34m 00001 00335 [37m 60730
  T10 1465248041 02570 65535 00164 03743 [34m 00001 00335 [37m 58724
  T10 1465248063 02570 65535 00166 05747 [34m 00001 00344 [37m 56709
  T10 1465248085 02570 65535 00168 07751 [34m 00001 00335 [37m 54712
  T10 1465248095 02570 65535 00169 07751 [34m 00001 00335 [37m 54712
  T10 1465248117 02570 65535 00172 00757 [34m 00001 00343 [37m 61694
  T10 1465248139 02570 65535 00174 02761 [34m 00001 00343 [37m 59688
  T10 1465248161 02570 65535 00176 04765 [34m 00001 00343 [37m 57682
  T10 1465248183 02570 65535 00178 06769 [34m 00001 00343 [37m 55676
  T10 1465248205 02570 65535 00180 08773 [34m 00001 00344 [37m 53669
  T10 1465248227 02570 65535 00183 00777 [34m 00001 00344 [37m 61662
  T10 1465248249 02570 65535 00185 02781 [34m 00001 00344 [37m 59656
  T10 1465248271 02570 65535 00187 04785 [34m 00001 00343 [37m 57651
  T10 1465248293 02570 65535 00189 06789 [34m 00001 00343 [37m 55645
  T10 1465248315 02570 65535 00191 08793 [34m 00001 00343 [37m 53639
  T10 1465248337 02570 65535 00194 00797 [34m 00001 00343 [37m 61632
  T10 1465248347 02570 65535 00195 01799 [34m 00001 00335 [37m 60637
  T10 1465248369 02570 65535 00197 03803 [34m 00001 00344 [37m 58622
  T10 1465248391 02570 65535 00199 05807 [34m 00001 00343 [37m 56617
  T10 1465248413 02570 65535 00201 07811 [34m 00001 00335 [37m 54619
  T10 1465248435 02570 65535 00203 09815 [34m 00001 00344 [37m 52604
  T10 1465248457 02570 65535 00206 01819 [34m 00001 00345 [37m 60596
  T10 1465248479 02570 65535 00208 03823 [34m 00001 00345 [37m 58590
  T10 1465248501 02570 65535 00210 05827 [34m 00001 00344 [37m 56585
  T10 1465248523 02570 65535 00212 07831 [34m 00001 00345 [37m 54578
  T10 1465248545 02570 65535 00214 09835 [34m 00001 00343 [37m 52574
  T10 1465248567 02570 65535 00217 01839 [34m 00001 00343 [37m 60567
  T10 1465248589 02570 65535 00219 03843 [34m 00001 00343 [37m 58561
  T10 1465248599 02570 65535 00220 04845 [34m 00001 00345 [37m 57556
  T10 1465248621 02570 65535 00222 06849 [34m 00001 00345 [37m 55550
  T10 1465248643 02570 65535 00224 08853 [34m 00001 00344 [37m 53545
  T10 1465248665 02570 65535 00227 00857 [34m 00001 00343 [37m 61539
  T10 1465248687 02570 65535 00229 02861 [34m 00001 00343 [37m 59533
  T10 1465248709 02570 65535 00231 04865 [34m 00001 00343 [37m 57527
  T10 1465248731 02570 65535 00233 06869 [34m 00001 00344 [37m 55520
  T10 1465248753 02570 65535 00235 08873 [34m 00001 00345 [37m 53513
  T10 1465248775 02570 65535 00238 00877 [34m 00001 00344 [37m 61507
  T10 1465248797 02570 65535 00240 02881 [34m 00001 00345 [37m 59500
  T10 1465248819 02570 65535 00242 04885 [34m 00001 00345 [37m 57494
  T10 1465248851 02570 65535 00245 07891 [34m 00001 00345 [37m 54485
  T10 1465248873 02570 65535 00247 09895 [34m 00001 00345 [37m 52479
  T10 1465248895 02570 65535 00250 01899 [34m 00001 00345 [37m 60472
  T10 1465248917 02570 65535 00252 03903 [34m 00001 00345 [37m 58466
  T10 1465248939 02570 65535 00254 05907 [34m 00001 00343 [37m 56462
  T10 1465248961 02570 65535 00256 07911 [34m 00001 00345 [37m 54454
  T10 1465248983 02570 65535 00258 09915 [34m 00001 00344 [37m 52449
  T10 1465249005 02570 65535 00261 01919 [34m 00001 00345 [37m 60441
  T10 1465249027 02570 65535 00263 03923 [34m 00001 00344 [37m 58436
  T10 1465249049 02570 65535 00265 05927 [34m 00001 00345 [37m 56429
  T10 1465249059 02570 65535 00266 06929 [34m 00001 00345 [37m 55426
  T10 1465249081 02570 65535 00268 08933 [34m 00001 00345 [37m 53420
  T10 1465249103 02570 65535 00271 00937 [34m 00001 00345 [37m 61413
  T10 1465249125 02570 65535 00273 02941 [34m 00001 00344 [37m 59408
  T10 1465249147 02570 65535 00275 04945 [34m 00001 00345 [37m 57401
  T10 1465249169 02570 65535 00277 06949 [34m 00001 00345 [37m 55395
  T10 1465249191 02570 65535 00279 08953 [34m 00001 00345 [37m 53389
  T10 1465249213 02570 65535 00282 00957 [34m 00001 00345 [37m 61382
  T10 1465249235 02570 65535 00284 02961 [34m 00001 00344 [37m 59377
  T10 1465249257 02570 65535 00286 04965 [34m 00001 00344 [37m 57371
  T10 1465249279 02570 65535 00288 06969 [34m 00001 00344 [37m 55365
  T10 1465249311 02570 65535 00291 09975 [34m 00001 00344 [37m 52356
  T10 1465249333 02570 65535 00294 01979 [34m 00001 00345 [37m 60348
  T10 1465249355 02570 65535 00296 03983 [34m 00001 00345 [37m 58342
  T10 1465249377 02570 65535 00298 05987 [34m 00001 00345 [37m 56336
  T10 1465249399 02570 65535 00300 07991 [34m 00001 00345 [37m 54330
  T10 1465249421 02570 65535 00302 09995 [34m 00001 00345 [37m 52324
  T10 1465249443 02570 65535 00305 01999 [34m 00001 00345 [37m 60317
  T10 1465249465 02570 65535 00307 04003 [34m 00001 00345 [37m 58311
  T10 1465249487 02570 65535 00309 06007 [34m 00001 00345 [37m 56305
  T10 1465249509 02570 65535 00311 08011 [34m 00001 00345 [37m 54299
  T10 1465249519 02570 65535 00312 09013 [34m 00001 00345 [37m 53296
  T10 1465249541 02570 65535 00315 01017 [34m 00001 00347 [37m 61287
  T10 1465249563 02570 65535 00317 03021 [34m 00001 00345 [37m 59283
  T10 1465249585 02570 65535 00319 05025 [34m 00001 00345 [37m 57277
  T10 1465249607 02570 65535 00321 07029 [34m 00001 00346 [37m 55270
  T10 1465249629 02570 65535 00323 09033 [34m 00001 00346 [37m 53264
  T10 1465249651 02570 65535 00326 01037 [34m 00001 00345 [37m 61258
  T10 1465249673 02570 65535 00328 03041 [34m 00001 00346 [37m 59251
  T10 1465249695 02570 65535 00330 05045 [34m 00001 00345 [37m 57246
  T10 1465249717 02570 65535 00332 07049 [34m 00001 00345 [37m 55240
  T10 1465249739 02570 65535 00334 09053 [34m 00001 00347 [37m 53232
  T10 1465249749 02570 65535 00336 00055 [34m 00001 00347 [37m 62228
  T10 1465249771 02570 65535 00338 02059 [34m 00001 00346 [37m 60223
  T10 1465249793 02570 65535 00340 04063 [34m 00001 00345 [37m 58218
  T10 1465249815 02570 65535 00342 06067 [34m 00001 00345 [37m 56212
  T10 1465249837 02570 65535 00344 08071 [34m 00001 00347 [37m 54204
  T10 1465249859 02570 65535 00347 00075 [34m 00001 00347 [37m 62197
  T10 1465249881 02570 65535 00349 02079 [34m 00001 00347 [37m 60191
  T10 1465249903 02570 65535 00351 04083 [34m 00001 00347 [37m 58185
  T10 1465249925 02570 65535 00353 06087 [34m 00001 00347 [37m 56179
  T10 1465249947 02570 65535 00355 08091 [34m 00001 00347 [37m 54173
  T10 1465249969 02570 65535 00358 00095 [34m 00001 00345 [37m 62168
  T10 1465250001 02570 65535 00361 03101 [34m 00001 00346 [37m 59158
  T10 1465250023 02570 65535 00363 05105 [34m 00001 00345 [37m 57153
  T10 1465250045 02570 65535 00365 07109 [34m 00001 00347 [37m 55145
  T10 1465250067 02570 65535 00367 09113 [34m 00001 00347 [37m 53139
  T10 1465250089 02570 65535 00370 01117 [34m 00001 00345 [37m 61134
  T10 1465250111 02570 65535 00372 03121 [34m 00001 00345 [37m 59128
  T10 1465250133 02570 65535 00374 05125 [34m 00001 00345 [37m 57122
  T10 1465250155 02570 65535 00376 07129 [34m 00001 00347 [37m 55114
  T10 1465250177 02570 65535 00378 09133 [34m 00001 00345 [37m 53110
  T10 1465250199 02570 65535 00381 01137 [34m 00001 00345 [37m 61103
  T10 1465250210 02570 65535 00382 02139 [34m 00001 00345 [37m 60100
  T10 1465250232 02570 65535 00384 04143 [34m 00001 00347 [37m 58092
  T10 1465250253 02570 65535 00386 06147 [34m 00001 00347 [37m 56086
  T10 1465250275 02570 65535 00388 08151 [34m 00001 00347 [37m 54080
  T10 1465250297 02570 65535 00391 00155 [34m 00001 00347 [37m 62073
  T10 1465250319 02570 65535 00393 02159 [34m 00001 00347 [37m 60067
  T10 1465250341 02570 65535 00395 04163 [34m 00001 00347 [37m 58061
  T10 1465250363 02570 65535 00397 06167 [34m 00001 00347 [37m 56055
  T10 1465250385 02570 65535 00399 08171 [34m 00001 00347 [37m 54049
  T10 1465250407 02570 65535 00402 00175 [34m 00001 00347 [37m 62042
  T10 1465250429 02570 65535 00404 02179 [34m 00001 00346 [37m 60037
  T10 1465250462 02570 65535 00407 05185 [34m 00001 00345 [37m 57029
  T10 1465250484 02570 65535 00409 07189 [34m 00001 00345 [37m 55023
  T10 1465250506 02570 65535 00411 09193 [34m 00001 00347 [37m 53015
  T10 1465250527 02570 65535 00414 01197 [34m 00001 00347 [37m 61008
  T10 1465250549 02570 65535 00416 03201 [34m 00001 00347 [37m 59002
  T10 1465250571 02570 65535 00418 05205 [34m 00001 00346 [37m 56997
  T10 1465250593 02570 65535 00420 07209 [34m 00001 00347 [37m 54990
  T10 1465250615 02570 65535 00422 09213 [34m 00001 00345 [37m 52986
  T10 1465250637 02570 65535 00425 01217 [34m 00001 00345 [37m 60979
  T10 1465250659 02570 65535 00427 03221 [34m 00001 00348 [37m 58970
  T10 1465250681 02570 65535 00429 05225 [34m 00001 00335 [37m 56977
  T10 1465250692 02570 65535 00430 06227 [34m 00001 00334 [37m 55975
  T10 1465250714 02570 65535 00432 08231 [34m 00001 00319 [37m 53984
  T10 1465250736 02570 65535 00435 00235 [34m 00001 00347 [37m 61949
  T10 1465250758 02570 65535 00437 02239 [34m 00001 00348 [37m 59942
  T10 1465250780 02570 65535 00439 04243 [34m 00001 00347 [37m 57937
  T10 1465250801 02570 65535 00441 06247 [34m 00001 00347 [37m 55931
  T10 1465250823 02570 65535 00443 08251 [34m 00001 00347 [37m 53925
  T10 1465250845 02570 65535 00446 00255 [34m 00001 00358 [37m 61907
  T10 1465250867 02570 65535 00448 02259 [34m 00001 00359 [37m 59900
  T10 1465250889 02570 65535 00450 04263 [34m 00001 00359 [37m 57894
  T10 1465250911 02570 65535 00452 06267 [34m 00001 00359 [37m 55888
  T10 1465250922 02570 65535 00453 07269 [34m 00001 00359 [37m 54885
  T10 1465250944 02570 65535 00455 09273 [34m 00001 00359 [37m 52879
  T10 1465250966 02570 65535 00458 01277 [34m 00001 00351 [37m 60880
  T10 1465250988 02570 65535 00460 03281 [34m 00001 00359 [37m 58866
  T10 1465251010 02570 65535 00462 05285 [34m 00001 00359 [37m 56860
  T10 1465251032 02570 65535 00464 07289 [34m 00001 00359 [37m 54854
  T10 1465251054 02570 65535 00466 09293 [34m 00001 00359 [37m 52848
  T10 1465251075 02570 65535 00469 01297 [34m 00001 00359 [37m 60841
  T10 1465251097 02570 65535 00471 03301 [34m 00001 00358 [37m 58836
  T10 1465251119 02570 65535 00473 05305 [34m 00001 00359 [37m 56829
  T10 1465251141 02570 65535 00475 07309 [34m 00001 00359 [37m 54823
  T10 1465251174 02570 65535 00479 00315 [34m 00001 00359 [37m 61813
  T10 1465251196 02570 65535 00481 02319 [34m 00001 00358 [37m 59808
  T10 1465251218 02570 65535 00483 04323 [34m 00001 00359 [37m 57801
  T10 1465251240 02570 65535 00485 06327 [34m 00001 00355 [37m 55799
  T10 1465251262 02570 65535 00487 08331 [34m 00001 00313 [37m 53835
  T10 1465251284 02570 65535 00490 00335 [34m 00001 00359 [37m 61782
  T10 1465251306 02570 65535 00492 02339 [34m 00001 00319 [37m 59816
  T10 1465251328 02570 65535 00494 04343 [34m 00001 00371 [37m 57758
  T10 1465251349 02570 65535 00496 06347 [34m 00001 00343 [37m 55780
  T10 1465251371 02570 65535 00498 08351 [34m 00001 00346 [37m 53771
  T10 1465251393 02570 65535 00501 00355 [34m 00001 00327 [37m 61783
  T10 1465251415 02570 65535 00503 02359 [34m 00001 00351 [37m 59753
  T10 1465251426 02570 65535 00504 03361 [34m 00001 00353 [37m 58748
  T10 1465251448 02570 65535 00506 05365 [34m 00001 00334 [37m 56761
  T10 1465251470 02570 65535 00508 07369 [34m 00001 00335 [37m 54754
  T10 1465251492 02570 65535 00510 09373 [34m 00001 00335 [37m 52748
  T10 1465251514 02570 65535 00513 01377 [34m 00001 00335 [37m 60741
  T10 1465251536 02570 65535 00515 03381 [34m 00001 00327 [37m 58743
  T10 1465251558 02570 65535 00517 05385 [34m 00001 00327 [37m 56737
  T10 1465251580 02570 65535 00519 07389 [34m 00001 00327 [37m 54731
  T10 1465251601 02570 65535 00521 09393 [34m 00001 00327 [37m 52725
  T10 1465251623 02570 65535 00524 01397 [34m 00001 00327 [37m 60718
  T10 1465251645 02570 65535 00526 03401 [34m 00001 00327 [37m 58712
  T10 1465251667 02570 65535 00528 05405 [34m 00001 00327 [37m 56706
  T10 1465251689 02570 65535 00530 07409 [34m 00001 00319 [37m 54708
  T10 1465251711 02570 65535 00532 09413 [34m 00001 00327 [37m 52694
  T10 1465251733 02570 65535 00535 01417 [34m 00001 00327 [37m 60687
  T10 1465251766 02570 65535 00538 04423 [34m 00001 00327 [37m 57678
  T10 1465251788 02570 65535 00540 06427 [34m 00001 00327 [37m 55672
  T10 1465251810 02570 65535 00542 08431 [34m 00001 00327 [37m 53666
  T10 1465251832 02570 65535 00545 00435 [34m 00001 00327 [37m 61659
  T10 1465251854 02570 65535 00547 02439 [34m 00001 00327 [37m 59653
  T10 1465251875 02570 65535 00549 04443 [34m 00001 00327 [37m 57647
  T10 1465251897 02570 65535 00551 06447 [34m 00001 00327 [37m 55641
  T10 1465251919 02570 65535 00553 08451 [34m 00001 00327 [37m 53635
  T10 1465251941 02570 65535 00556 00455 [34m 00001 00327 [37m 61628
  T10 1465251963 02570 65535 00558 02459 [34m 00001 00327 [37m 59622
  T10 1465251985 02570 65535 00560 04463 [34m 00001 00327 [37m 57616
  T10 1465252007 02570 65535 00562 06467 [34m 00001 00327 [37m 55610
  T10 1465252018 02570 65535 00563 07469 [34m 00001 00327 [37m 54607
  T10 1465252040 02570 65535 00565 09473 [34m 00001 00327 [37m 52601
  T10 1465252062 02570 65535 00568 01477 [34m 00001 00327 [37m 60594
  T10 1465252084 02570 65535 00570 03481 [34m 00001 00326 [37m 58589
  T10 1465252106 02570 65535 00572 05485 [34m 00001 00327 [37m 56582
  T10 1465252127 02570 65535 00574 07489 [34m 00001 00326 [37m 54577
  T10 1465252149 02570 65535 00576 09493 [34m 00001 00327 [37m 52570
  T10 1465252171 02570 65535 00579 01497 [34m 00001 00327 [37m 60563
  T10 1465252193 02570 65535 00581 03501 [34m 00001 00327 [37m 58557
  T10 1465252215 02570 65535 00583 05505 [34m 00001 00327 [37m 56551
  T10 1465252237 02570 65535 00585 07509 [34m 00001 00327 [37m 54545
  T10 1465252259 02570 65535 00587 09513 [34m 00001 00327 [37m 52539
  T10 1465252270 02570 65535 00589 09513 [34m 00001 00327 [37m 52539
  T10 1465252292 02570 65535 00591 02519 [34m 00001 00327 [37m 59529
  T10 1465252314 02570 65535 00593 04523 [34m 00001 00327 [37m 57523
  T10 1465252336 02570 65535 00595 06527 [34m 00001 00319 [37m 55525
  T10 1465252358 02570 65535 00597 08531 [34m 00001 00327 [37m 53511
  T10 1465252379 02570 65535 00600 00535 [34m 00001 00327 [37m 61504
  T10 1465252401 02570 65535 00602 02539 [34m 00001 00327 [37m 59498
  T10 1465252423 02570 65535 00604 04543 [34m 00001 00327 [37m 57492
  T10 1465252445 02570 65535 00606 06547 [34m 00001 00327 [37m 55486
  T10 1465252467 02570 65535 00608 08551 [34m 00001 00327 [37m 53480
  T10 1465252489 02570 65535 00611 00555 [34m 00001 00327 [37m 61473
  T10 1465252511 02570 65535 00613 02559 [34m 00001 00327 [37m 59467
  T10 1465252533 02570 65535 00615 04563 [34m 00001 00327 [37m 57461
  T10 1465252544 02570 65535 00616 05565 [34m 00001 00327 [37m 56458
  T10 1465252566 02570 65535 00618 07569 [34m 00001 00327 [37m 54452
  T10 1465252588 02570 65535 00620 09573 [34m 00001 00327 [37m 52446
  T10 1465252610 02570 65535 00623 01577 [34m 00001 00327 [37m 60439
  T10 1465252631 02570 65535 00625 03581 [34m 00001 00327 [37m 58433
  T10 1465252653 02570 65535 00627 05585 [34m 00001 00327 [37m 56427
  T10 1465252675 02570 65535 00629 07589 [34m 00001 00327 [37m 54421
  T10 1465252697 02570 65535 00631 09593 [34m 00001 00327 [37m 52415
  T10 1465252719 02570 65535 00634 01597 [34m 00001 00327 [37m 60408
  T10 1465252741 02570 65535 00636 03601 [34m 00001 00327 [37m 58402
  T10 1465252763 02570 65535 00638 05605 [34m 00001 00327 [37m 56396
  T10 1465252785 02570 65535 00640 07609 [34m 00001 00327 [37m 54390
  T10 1465252796 02570 65535 00641 08611 [34m 00001 00327 [37m 53387
  T10 1465252818 02570 65535 00644 00615 [34m 00001 00327 [37m 61380
  T10 1465252840 02570 65535 00646 02619 [34m 00001 00327 [37m 59374
  T10 1465252862 02570 65535 00648 04623 [34m 00001 00327 [37m 57368
  T10 1465252884 02570 65535 00650 06627 [34m 00001 00327 [37m 55362
  T10 1465252905 02570 65535 00652 08631 [34m 00001 00327 [37m 53356
  T10 1465252927 02570 65535 00655 00635 [34m 00001 00327 [37m 61349
  T10 1465252949 02570 65535 00657 02639 [34m 00001 00327 [37m 59343
  T10 1465252971 02570 65535 00659 04643 [34m 00001 00327 [37m 57337
  T10 1465252993 02570 65535 00661 06647 [34m 00001 00327 [37m 55331
  T10 1465253015 02570 65535 00663 08651 [34m 00001 00327 [37m 53325
  T10 1465253037 02570 65535 00666 00655 [34m 00001 00327 [37m 61318
  T10 1465253048 02570 65535 00667 01657 [34m 00001 00327 [37m 60315
  T10 1465253070 02570 65535 00669 03661 [34m 00001 00327 [37m 58309
  T10 1465253092 02570 65535 00671 05665 [34m 00001 00327 [37m 56303
  T10 1465253114 02570 65535 00673 07669 [34m 00001 00327 [37m 54297
  T10 1465253136 02570 65535 00675 09673 [34m 00001 00327 [37m 52291
  T10 1465253158 02570 65535 00678 01677 [34m 00001 00327 [37m 60284
  T10 1465253179 02570 65535 00680 03681 [34m 00001 00327 [37m 58278
  T10 1465253201 02570 65535 00682 05685 [34m 00001 00327 [37m 56272
  T10 1465253223 02570 65535 00684 07689 [34m 00001 00319 [37m 54274
  T10 1465253245 02570 65535 00686 09693 [34m 00001 00327 [37m 52260
  T10 1465253267 02570 65535 00689 01697 [34m 00001 00327 [37m 60253
  T10 1465253289 02570 65535 00691 03701 [34m 00001 00327 [37m 58247
  T10 1465253300 02570 65535 00692 04703 [34m 00001 00327 [37m 57244
  T10 1465253322 02570 65535 00694 06707 [34m 00001 00327 [37m 55238
  T10 1465253344 02570 65535 00696 08711 [34m 00001 00327 [37m 53232
  T10 1465253366 02570 65535 00699 00715 [34m 00001 00327 [37m 61225
  T10 1465253388 02570 65535 00701 02719 [34m 00001 00319 [37m 59227
  T10 1465253410 02570 65535 00703 04723 [34m 00001 00327 [37m 57213
  T10 1465253431 02570 65535 00705 06727 [34m 00001 00327 [37m 55207
  T10 1465253453 02570 65535 00707 08731 [34m 00001 00327 [37m 53201
  T10 1465253475 02570 65535 00710 00735 [34m 00001 00327 [37m 61194
  T10 1465253497 02570 65535 00712 02739 [34m 00001 00327 [37m 59188
  T10 1465253519 02570 65535 00714 04743 [34m 00001 00327 [37m 57182
  T10 1465253541 02570 65535 00716 06747 [34m 00001 00327 [37m 55176
  T10 1465253552 02570 65535 00717 07749 [34m 00001 00319 [37m 54181
  T10 1465253574 02570 65535 00719 09753 [34m 00001 00327 [37m 52167
  T10 1465253596 02570 65535 00722 01757 [34m 00001 00327 [37m 60160
  T10 1465253618 02570 65535 00724 03761 [34m 00001 00327 [37m 58154
  T10 1465253640 02570 65535 00726 05765 [34m 00001 00327 [37m 56148
  T10 1465253662 02570 65535 00728 07769 [34m 00001 00327 [37m 54142
  T10 1465253684 02570 65535 00730 09773 [34m 00001 00327 [37m 52136
  T10 1465253705 02570 65535 00733 01777 [34m 00001 00327 [37m 60129
  T10 1465253727 02570 65535 00735 03781 [34m 00001 00327 [37m 58123
  T10 1465253749 02570 65535 00737 05785 [34m 00001 00327 [37m 56117
  T10 1465253771 02570 65535 00739 07789 [34m 00001 00319 [37m 54119
  T10 1465253793 02570 65535 00741 09793 [34m 00001 00319 [37m 52113
  T10 1465253804 02570 65535 00743 00795 [34m 00001 00319 [37m 61109
  T10 1465253826 02570 65535 00745 02799 [34m 00001 00327 [37m 59095
  T10 1465253848 02570 65535 00747 04803 [34m 00001 00319 [37m 57097
  T10 1465253870 02570 65535 00749 06807 [34m 00001 00327 [37m 55083
  T10 1465253892 02570 65535 00751 08811 [34m 00001 00327 [37m 53077
  T10 1465253914 02570 65535 00754 00815 [34m 00001 00327 [37m 61070
  T10 1465253936 02570 65535 00756 02819 [34m 00001 00327 [37m 59064
  T10 1465253957 02570 65535 00758 04823 [34m 00001 00327 [37m 57058
  T10 1465253979 02570 65535 00760 06827 [34m 00001 00327 [37m 55052
  T10 1465254001 02570 65535 00762 08831 [34m 00001 00327 [37m 53046
  T10 1465254023 02570 65535 00765 00835 [34m 00001 00327 [37m 61039
  T10 1465254056 02570 65535 00768 03841 [34m 00001 00327 [37m 58030
  T10 1465254078 02570 65535 00770 05845 [34m 00001 00327 [37m 56024
  T10 1465254100 02570 65535 00772 07849 [34m 00001 00327 [37m 54018
  T10 1465254122 02570 65535 00774 09853 [34m 00001 00327 [37m 52012
  T10 1465254144 02570 65535 00777 01857 [34m 00001 00327 [37m 60005
  T10 1465254166 02570 65535 00779 03861 [34m 00001 00319 [37m 58007
  T10 1465254188 02570 65535 00781 05865 [34m 00001 00319 [37m 56001
  T10 1465254210 02570 65535 00783 07869 [34m 00001 00327 [37m 53987
  T10 1465254231 02570 65535 00785 09873 [34m 00001 00327 [37m 51981
  T10 1465254253 02570 65535 00788 01877 [34m 00001 00327 [37m 59974
  T10 1465254275 02570 65535 00790 03881 [34m 00001 00319 [37m 57976
  T10 1465254297 02570 65535 00792 05885 [34m 00001 00327 [37m 55962
  T10 1465254308 02570 65535 00793 06887 [34m 00001 00327 [37m 54959
  T10 1465254330 02570 65535 00795 08891 [34m 00001 00319 [37m 52961
  T10 1465254352 02570 65535 00798 00895 [34m 00001 00327 [37m 60946
  T10 1465254374 02570 65535 00800 02899 [34m 00001 00327 [37m 58940
  T10 1465254396 02570 65535 00802 04903 [34m 00001 00319 [37m 56942
  T10 1465254418 02570 65535 00804 06907 [34m 00001 00327 [37m 54928
  T10 1465254440 02570 65535 00806 08911 [34m 00001 00319 [37m 52930
  T10 1465254462 02570 65535 00809 00915 [34m 00001 00327 [37m 60915
  T10 1465254483 02570 65535 00811 02919 [34m 00001 00327 [37m 58909
  T10 1465254505 02570 65535 00813 04923 [34m 00001 00319 [37m 56911
  T10 1465254527 02570 65535 00815 06927 [34m 00001 00319 [37m 54905
  T10 1465254549 02570 65535 00817 08931 [34m 00001 00327 [37m 52891
  T10 1465254571 02570 65535 00820 00935 [34m 00001 00319 [37m 60892
  T10 1465254604 02570 65535 00823 03941 [34m 00001 00327 [37m 57875
  T10 1465254626 02570 65535 00825 05945 [34m 00001 00327 [37m 55869
  T10 1465254648 02570 65535 00827 07949 [34m 00001 00327 [37m 53863
  T10 1465254670 02570 65535 00829 09953 [34m 00001 00327 [37m 51857
  T10 1465254692 02570 65535 00832 01957 [34m 00001 00327 [37m 59850
  T10 1465254714 02570 65535 00834 03961 [34m 00001 00327 [37m 57844
  T10 1465254736 02570 65535 00836 05965 [34m 00001 00319 [37m 55846
  T10 1465254757 02570 65535 00838 07969 [34m 00001 00327 [37m 53832
  T10 1465254779 02570 65535 00840 09973 [34m 00001 00319 [37m 51834
  T10 1465254801 02570 65535 00843 01977 [34m 00001 00319 [37m 59827
  T10 1465254823 02570 65535 00845 03981 [34m 00001 00319 [37m 57821
  T10 1465254856 02570 65535 00848 06987 [34m 00001 00319 [37m 54812
  T10 1465254878 02570 65535 00850 08991 [34m 00001 00319 [37m 52806
  T10 1465254900 02570 65535 00853 00995 [34m 00001 00327 [37m 60791
  T10 1465254922 02570 65535 00855 02999 [34m 00001 00319 [37m 58793
  T10 1465254944 02570 65535 00857 05003 [34m 00001 00327 [37m 56779
  T10 1465254966 02570 65535 00859 07007 [34m 00001 00319 [37m 54781
  T10 1465254988 02570 65535 00861 09011 [34m 00001 00327 [37m 52767
  T10 1465255010 02570 65535 00864 01015 [34m 00001 00327 [37m 60760
  T10 1465255031 02570 65535 00866 03019 [34m 00001 00319 [37m 58762
  T10 1465255053 02570 65535 00868 05023 [34m 00001 00327 [37m 56748
  T10 1465255075 02570 65535 00870 07027 [34m 00001 00319 [37m 54750
  T10 1465255097 02570 65535 00872 09031 [34m 00001 00327 [37m 52736
  T10 1465255119 02570 65535 00875 01035 [34m 00001 00319 [37m 60737
  T10 1465255152 02570 65535 00878 04041 [34m 00001 00319 [37m 57728
  T10 1465255174 02570 65535 00880 06045 [34m 00001 00319 [37m 55722
..
  stopped.
.stopvm
blueon
blueoff

















































print 1234
  Chip not found.
..
  stopped.
print 1234
  1234
.compile
  Can't open file ./spiv3.txt in source-string
.compile
  Can't open file ./spiv3.txt in source-string
.rr
  Opening Project  RisingData
  project reloaded
.compile
  Can't open file ./spiv3.txt in source-string
.compile
  Compiling...
  dp0input already defined
.compile
  Compiling...
  ignore undefined in spi-TX
.compile
  Compiling...
  1633 bytes
.download
  1633 bytes
ul-power
ul-init
ul-go
.rr
  Opening Project  RisingData
  project reloaded
.compile
  Can't open file ./SDCardV4.3.txt in source-string
.compile
  Can't open file ./SDCardV4.3.txt in source-string
.rr
  Opening Project  RisingData
  project reloaded
.compile
  Can't open file ./SDCardV4.3.txt in source-string
.compilw
  I don't know how to compilw
.compile
  Compiling...
  4649 bytes
.download
  4649 bytes
init-sd
  SD Initiation Failure: Card Not Resesting
.compile
  Compiling...
  4649 bytes
.download
  4649 bytes
init-sd
  SD Initiation Failure: Card Not Resesting
stop
..
  stopped.
spi-rx2
  you don't say what to do with spi-RX2
print spi-rx2
  Chip not found.
print 1234
  Chip not found.
print 1234
  1234
spi-rx2
  spi-rx2 undefined
.compile
  Compiling...
  4649 bytes
spi-rx2
  you don't say what to do with spi-rx2
print spi-rx2
..
  stopped.
print 1234
  1234
print spi-rx2
..
  stopped.
spi-tx 255
spi-tx 255
print spi-rx2
..
  stopped.
print cmd0
..
  stopped.
.rr
  Opening Project  RisingData
  project reloaded
.compile
  Compiling...
  4649 bytes
.download
  4649 bytes
print cmd0
..
  stopped.
print cmd8
print readADC 0
  2048
print readADC 0
  2048
print readADC 0
  2048
print 1234
  1234
.compile
  Compiling...
  4649 bytes
.download
  4649 bytes
init-sd
  SD Initiation Failure: Card Not Resesting
print cmd0
  255
.compile
  Compiling...
  d65on undefined in cmd8
.rr
  Opening Project  RisingData
  project reloaded
.compile
  Compiling...
  4649 bytes
init-sd
  SD Initiation Failure: Card Not Resesting
cmd0
  you don't say what to do with cmd0
print cmd0
  255
print cmd0
  255
print spi-rx2
  255
print cmd8
  0
print spi-rx2
  255
init-spi-basic
print cmd0
  255
spi-TXRX 0
  you don't say what to do with spi-TXRX
print spi-TXRX 0
  255
init-spi-basic
print spi-TXRX 0
  255
init-spi-basic
dp6output
dp6on
dp6off
spi-tx $21
spi-tx $32
print spi-rx
  255
print spi-rx2
  255
spi-tx $32
print spi-rx2
  255
print 1234
  1234
.compile
  Compiling...
  4649 bytes
.download
  4649 bytes
dp6output
dp6on
dp6off
init-spi-basic
spi-tx $ff
print spi-rx
  255
spi-tx $32
repeat 100 [dp6on wait 1 dp6off wait 1]
repeat 100 [dp6on wait 1 dp6off wait 1]
repeat 100 [dp6on wait 1 dp6off wait 1]
print rand
  rand undefined
print random
  not enough inputs to random
print random 0 10
  you don't say what to do with 10
print random 10
  4
print random 10
  2
print random 10
  4
print random 10
  1
repeat 100 [dp6on wait random 10 dp6off wait random 10]
stopvm
  stopvm undefined
repeat 100 [dp6on wait random 10 dp6off wait random 10]
repeat 100 [dp6on wait random 10 dp6off wait random 10]
spi-rx $ff
  you don't say what to do with spi-RX
spi-tx $ff
stop
  runvm error
  I don't know how to force-error in runvm
..
  stopped.
init-spi-basic
init-spi-basic
stop
  runvm error
  I don't know how to force-error in runvm
init-init-spi-basic
  init-init-spi-basic undefined
.compile
  Compiling...
  4649 bytes
init-spi-basic
spi-tx 0
stop
  runvm error
  I don't know how to force-error in runvm
spi-tx $ff
dp6off
dp6on
dp6output
dp6off
dp6on
repeat 10 [dp6on wait random 10 dp6off wait random 10]
repeat 10 [dp6on wait random 10 dp6off wait random 10]
spi-tx $ff
init-spi-basic
spi-tx $ff
.compile
  Compiling...
  4649 bytes
.download
  4649 bytes
init-spi-basic
init-spi-basic
spi-tx $44
spi-tx $44
spi-tx $44
spi-tx $44
spi-tx $44
spi-tx $44
spi-tx $44
spi-tx $44
spi-tx $44
spi-tx $44
spi-tx $44
cmd0
  you don't say what to do with cmd0
print cmd0
  1
init-sd
print 1234
  1234
.compile
  Compiling...
  4688 bytes
.download
  4688 bytes
init-sd
  SD Initiation Successful
init-sd
  SD Initiation Successful
print read-sd 0 $FF
  read-sd doesn't output
.compile
  Compiling...
  4688 bytes
.download
  4688 bytes
init-sd
  SD Initiation Successful
read-sd 0 10
read-sd 0 10
.compile
  Compiling...
  4711 bytes
.download
  4711 bytes
init-sd
  SD Initiation Successful
read-sd 0 100
  SD Read Successful
print :rx_holder
  rx_holder has no value
print rx_holder
  rx_holder undefined
.rr
  Opening Project  RisingData
  project reloaded
.compile
  Compiling...
  4714 bytes
.download
  4714 bytes
init-sd
  SD Initiation Successful
read-sd 0 100
  255
  SD Read Successful
read-sd 0 1
  1
  SD Read Successful
read-sd 0 2
  2
  SD Read Successful
read-sd 0 3
  3
  SD Read Successful
read-sd 0 10
  10
  SD Read Successful
write-sd 1
  not enough inputs to write-SD
write-sd 1 1
read-sd 1 1
  10
  SD Read Successful
read-sd 0 1
  1
  SD Read Successful
logread-sd
  1
  1
  1
  1
  1
  1
  1
  1
  1
  1
  1
  1
  1
  1
  1
  1
  1
  1
  1
  1
  1
  1
  1
  1
  1
  1
  1
  1
  1
  1
  1
  1
  1
  1
  1
  1
  1
  1
  1
  1
  1
  1
  1
  1
  1
  1
  1
  1
  1
  1
  1
  1
  1
  1
  1
  1
  1
  1
  1
  1
  1
  1
  1
  1
  1
  1
  1
  1
  1
  1
  1
  1
  1
  1
..
  stopped.
  1
  1
  1
  1
  1
  1
  1
  1
  1
  1
  1
  1
  1
  1
  1
  1
  1
  1
  1
  1
  1
..
  stopped.
  1
  1
  1
  1
  1
  1
  1
  1
  1
  1
  1
  1
  1
  1
  1
  1
  1
  1
  1
  1
  1
  1
  1
  1
  1
  1
  1
  1
  1
  1
sstop
  sstop undefined
  1
  1
  1
  1
  1
  1
  1
  1
  1
  1
  1
  1
  1
  1
  1
  1
  1
  1
  1
  1
stopvm
  stopvm undefined
  1
  1
  1
  1
  1
  1
  1
  1
  1
  1
  1
  1
  1
  1
  1
  1
  1
  1
  1
  1
stopvm
  stopvm undefined
  1
  1
  1
  1
  1
  1
  1
  1
  1
  1
.stopm
  I don't know how to stopm
  1
  1
  1
  1
  1
  1
  1
  1
  1
  1
  1
  1
  1
  1
  1
  1
  1
  1
  1
  1
  1
  1
  1
  1
  1
  1
  1
  1
  1
  1
  1
  1
  1
  1
  1
  1
  1
  1
  1
  1
  1
  1
  1
  1
  1
  1
  1
  1
  1
  1
init-sd
  SD Initiation Successful
SD-clear-buffer
SD-log-single 42
logread-sd
  42
  0
  0
  0
  0
  0
  0
  0
  0
  0
  0
  0
  0
  0
  0
  0
  0
  0
  0
  0
  0
  0
  0
  0
  0
  0
  0
  0
  0
  0
  0
  0
  0
  0
  0
  0
  0
  0
  0
  0
  0
  0
  0
  0
  0
  0
  0
  0
  0
  0
  0
  0
  0
  0
  0
  0
  0
  0
  0
  0
setn 0
repeat 512 [manlog-sd n n setn n + 1]
  manlog-sd undefined
.compile
  Compiling...
  4711 bytes
repeat 512 [manlog-sd n n setn n + 1]
  runvm error
  I don't know how to force-error in runvm
init-sd
  SD Initiation Successful
setn 0
repeat 512 [manlog-sd n n setn n + 1]
  runvm error
  I don't know how to force-error in runvm
sd-find-open
init-sd
  SD Initiation Successful
clear-sd
sd-find-open
..
  stopped.
init-sd
  SD Initiation Failure: Card Not Resesting
.compile
  Compiling...
  4688 bytes
init-sd
  SD Initiation Successful
manlog-sd 100 $1340
  runvm error
  I don't know how to force-error in runvm
manlog-sd 0 $1340
  runvm error
  I don't know how to force-error in runvm
print 1234
  1234
manlog-sd 0 100
  runvm error
  I don't know how to force-error in runvm
SD-find-open
setn 0
repeat 512 [ manlog-sd n n setn + 1 ]
  not enough inputs to setglobal
repeat 512 [ manlog-sd n n setn n + 1 ]
logread-sd
  Chip not found.
init-sd
init-sd
  init-sd undefined
.compile
  Compiling...
  4688 bytes
init-sd
  SD Initiation Successful
setn 0
repeat 512 [ manlog-sd n n setn n + 1 ]
logread-sd
  runvm error
  I don't know how to force-error in runvm
logread-sd
  runvm error
  I don't know how to force-error in runvm
print 1234
  1234
logread-sd
  runvm error
  I don't know how to force-error in runvm
.compile
  Compiling...
  4688 bytes
.download
  4688 bytes
logread-sd
  42
  0
  0
  0
  0
  0
  0
  0
  0
  0
  0
  0
  0
  0
  0
  0
  0
  0
  0
  0
  0
  0
  0
  0
  0
  0
  0
  0
  0
  0
  0
  0
  0
  0
  0
  0
  0
  0
  0
  0
  0
  0
  0
  0
  0
  0
  0
  0
  0
  0
  0
  0
  0
  0
  0
  0
  0
  0
  0
  0
  0
  0
  0
  0
  0
  0
  0
  0
  0
  0
  0
  0
  0
  0
  0
  0
  0
  0
  0
  0
  0
  0
  0
  0
  0
  0
  0
  0
  0
  0
  0
  0
  0
  0
  0
  0
  0
  0
  0
  0
  0
  0
  94
  0
  0
  0
  0
  0
  0
  0
  0
  0
  0
  0
  0
  0
  0
  0
  0
  0
  0
  0
  0
  0
  0
  0
  0
  0
  0
  0
  0
  0
  0
  0
  0
  0
  0
  0
  0
  0
  0
  0
  0
  0
  0
  0
  0
  0
  0
  0
  0
  0
  0
  0
  0
  0
  0
  0
  0
  0
  0
  0
  0
  0
  0
  0
  0
  0
  0
  0
  0
  0
  0
  0
  0
  0
  0
  0
  0
  0
  0
  0
  0
  0
  0
  0
  0
  0
  0
  0
  0
  0
  0
  0
  0
  0
  0
  0
  0
  0
  0
  0
  0
  0
  0
  0
  0
  0
  0
  0
  0
  0
  0
  0
  0
  0
  0
  0
  0
  0
  0
  0
  0
  0
  0
  0
  0
  0
  0
  0
  0
  0
  0
  0
  0
  0
  0
  0
  0
  0
  0
  0
  0
  0
  0
  0
  0
  0
  0
  0
  0
  0
  0
  0
  0
  0
  0
  0
  0
  0
  0
  0
  0
  0
  0
  0
  0
  0
  0
  0
  0
  0
  0
  0
  0
  0
  0
  0
  0
  0
  0
  0
  0
  0
  0
  0
  0
  0
  0
  0
  0
  0
  0
  0
  0
  0
  0
  0
  0
  0
  0
  0
  0
  0
  0
  0
  0
  0
  0
  0
  0
  0
  0
  0
  0
printpristopvm
  printpristopvm undefined
  0
  0
  0
  0
  0
  0
  0
  0
  0
  0
  0
  0
  0
  0
  0
  0
  0
  0
  0
  0
stopvm
  stopvm undefined
  0
  0
  0
  0
  0
  0
  0
  0
  0
  0
  0
  0
  0
  0
  0
  0
  0
  0
  0
  0
  0
..
  stopped.
  0
  0
  0
  0
  0
  0
  0
  0
  0
  0
  0
  0
  0
  0
  0
  0
  0
  0
  0
  0
  0
  0
  0
  0
  0
  0
  0
  0
  0
  0
stopvm
  stopvm undefined
  0
  0
  0
  0
  0
  0
  0
  0
  0
  0
  0
  0
  0
  0
  0
  0
  0
  0
  0
  0
  0
  0
  0
  0
  0
  0
  0
  0
  0
  0
.sto
  I don't know how to sto
  0
  0
  0
  0
  0
  0
  0
  0
  0
  0
  0
  0
  255
  248
  0
  0
  0
  0
  0
  0
.stopvm
  0
  0
  0
  0
  0
print 1234
  1234
setn 0
repeat 512 [manlog-sd n n setn n + 1] print 1
  1
logread-sd
  0
  1
  2
  3
  4
  5
  6
  7
  8
  9
  10
  11
  12
  13
  14
  15
  16
  17
  18
  19
  20
  21
  22
  23
  24
  25
  26
  27
  28
  29
  30
  31
  32
  33
  34
  35
  36
  37
  38
  39
  40
  41
  42
  43
  44
  45
  46
  47
  48
  49
  50
  51
  52
  53
  54
  55
  56
  57
  58
  59
  60
  61
  62
  63
  64
  65
  66
  67
  68
  69
  70
  71
  72
  73
  74
  75
  76
  77
  78
  79
  80
  81
  82
  83
  84
  85
  86
  87
  88
  89
  90
  91
  92
  93
  94
  95
  96
  97
  98
  99
  100
  101
  102
  103
  104
  105
  106
  107
  108
  109
  110
  111
  112
  113
  114
  115
  116
  117
  118
  119
  120
  121
  122
  123
  124
  125
  126
  127
  128
  129
  130
  131
  132
  133
  134
  135
  136
  137
  138
  139
  140
  141
  142
  143
  144
  145
  146
  147
  148
  149
  150
  151
  152
  153
  154
  155
  156
  157
  158
  159
  160
  161
  162
  163
  164
  165
  166
  167
  168
  169
  170
  171
  172
  173
  174
  175
  176
  177
  178
  179
  180
  181
  182
  183
  184
  185
  186
  187
  188
  189
  190
  191
  192
  193
  194
  195
  196
  197
  198
  199
  200
  201
  202
  203
  204
  205
  206
  207
  208
  209
  210
  211
  212
  213
  214
  215
  216
  217
  218
  219
  220
  221
  222
  223
  224
  225
  226
  227
  228
  229
  230
  231
  232
  233
  234
  235
  236
  237
  238
  239
  240
  241
  242
  243
  244
  245
  246
  247
  248
  249
  250
  251
  252
  253
  254
  255
  0
  1
  2
  3
  4
  5
  6
  7
  8
  9
  10
  11
  12
  13
  14
  15
  16
  17
  18
  19
  20
  21
  22
  23
  24
  25
  26
  27
  28
  29
  30
  31
  32
  33
  34
  35
  36
  37
  38
  39
  40
  41
  42
  43
  44
  45
  46
  47
  48
  49
  50
  51
  52
  53
  54
  55
  56
  57
  58
  59
  60
  61
  62
  63
  64
  65
  66
  67
  68
  69
  70
  71
  72
  73
  74
  75
  76
  77
  78
  79
  80
  81
  82
  83
  84
  85
  86
  87
  88
  89
  90
  91
  92
  93
  94
  95
  96
  97
  98
  99
  100
  101
  102
  103
  104
  105
  106
  107
  108
  109
  110
  111
  112
  113
  114
  115
  116
  117
  118
  119
  120
  121
  122
  123
  124
  125
  126
  127
  128
  129
  130
  131
  132
  133
  134
  135
  136
  137
  138
  139
  140
  141
  142
  143
  144
  145
  146
  147
  148
  149
  150
  151
  152
  153
  154
  155
  156
  157
  158
  159
  160
  161
  162
  163
  164
  165
  166
  167
  168
  169
  170
  171
  172
  173
  174
  175
  176
  177
  178
  179
  180
  181
  182
  183
  184
  185
  186
  187
  188
  189
  190
  191
  192
  193
  194
  195
  196
  197
  198
  199
  200
  201
  202
  203
  204
  205
  206
  207
  208
  209
  210
  211
  212
  213
  214
  215
  216
  217
  218
  219
  220
  221
  222
  223
  224
  225
  226
  227
  228
  229
  230
  231
  232
  233
  234
  235
  236
  237
  238
  239
  240
  241
  242
  243
  244
  245
  246
  247
  248
  249
  250
  251
  252
  253
  254
  255
print 1234
  1234
init-sd
  SD Initiation Successful
write-sd 0 0
setn 0
repeat 512 [ manlog-sd 0 n setn n+ 1 ] print 1
  n+ undefined
repeat 512 [ manlog-sd 0 n setn n + 1 ] print 1
  1
logread-sd
  0
  0
  0
  0
  0
  0
  0
  0
  0
  0
  0
  0
  0
  0
  0
  0
  0
  0
  0
  0
  0
  0
  0
  0
  0
  0
  0
  0
  0
  0
  0
  0
  0
  0
  0
  0
  0
  0
  0
  0
  0
  0
  0
  0
  0
  0
  0
  0
  0
  0
  0
  0
  0
  0
  0
  0
  0
  0
  0
  0
  0
  0
  0
  0
  0
  0
  0
  0
  0
  0
  0
  0
  0
  0
  0
  0
  0
  0
  0
  0
  0
  0
  0
  0
  0
  0
  0
  0
  0
  0
  0
  0
  0
  0
  0
  0
  0
  0
  0
  0
  0
  0
  0
  0
  0
  0
  0
  0
  0
  0
  0
  0
  0
  0
  0
  0
  0
  0
  0
  0
  0
  0
  0
  0
  0
  0
  0
  0
  0
  0
  0
  0
  0
  0
  0
  0
  0
  0
  0
  0
  0
  0
  0
  0
  0
  0
  0
  0
  0
  0
  0
  0
  0
  0
  0
  0
  0
  0
  0
  0
  0
  0
  0
  0
  0
  0
  0
  0
  0
  0
  0
  0
  0
  0
  0
  0
  0
  0
  0
  0
  0
  0
  0
  0
  0
  0
  0
  0
  0
  0
  0
  0
  0
  0
  0
  0
  0
  0
  0
  0
  0
  0
  0
  0
  0
  0
  0
  0
  0
  0
  0
  0
  0
  0
  0
  0
  0
  0
  0
  0
  0
  0
  0
  0
  0
  0
  0
  0
  0
  0
  0
  0
  0
  0
  0
  0
  0
  0
  0
  0
  0
  0
  0
  0
  0
  0
  0
  0
  0
  0
  0
  0
  0
  0
  0
  0
  0
  0
  0
  0
  0
  0
  0
  0
  0
  0
  0
  0
  0
  0
  0
  0
  0
  0
  0
  0
  0
  0
  0
  0
  0
  0
  0
  0
  0
  0
  0
  0
  0
  0
  0
  0
  0
  0
  0
  0
  0
  0
  0
  0
  0
  0
  0
  0
  0
  0
  0
  0
  0
  0
  0
  0
  0
  0
  0
  0
  0
  0
  0
  0
  0
  0
  0
  0
  0
  0
  0
  0
  0
  0
  0
  0
  0
  0
  0
  0
  0
  0
  0
  0
  0
  0
  0
  0
  0
  0
  0
  0
  0
  0
  0
  0
  0
  0
  0
  0
  0
  0
  0
  0
  0
  0
  0
  0
  0
  0
  0
  0
  0
  0
  0
  0
  0
  0
  0
  0
  0
  0
  0
  0
  0
  0
  0
  0
  0
  0
  0
  0
  0
  0
  0
  0
  0
  0
  0
  0
  0
  0
  0
  0
  0
  0
  0
  0
  0
  0
  0
  0
  0
  0
  0
  0
  0
  0
  0
  0
  0
  0
  0
  0
  0
  0
  0
  0
  0
  0
  0
  0
  0
  0
  0
  0
  0
  0
  0
  0
  0
  0
  0
  0
  0
  0
  0
  0
  0
  0
  0
  0
  0
  0
  0
  0
  0
  0
  0
  0
  0
  0
  0
  0
  0
  0
  0
  0
  0
  0
  0
  0
  0
  0
  0
  0
  0
  0
  0
  0
  0
  0
  0
  0
  0
  0
  0
  0
  0
  0
  0
  0
  0
print 1234
  0
  0
  0
  1234
print 1234
  1234
read-sd 0 0
uninit-sd
logread-sd
  0
  1
  2
  3
  4
  5
  6
  7
  8
  9
  10
  11
  12
  13
  14
  15
  16
  17
  18
  19
  20
  21
  22
  23
  24
  25
  26
  27
  28
  29
  30
  31
  32
  33
  34
  35
  36
  37
  38
  39
  40
  41
  42
  43
  44
  45
  46
  47
  48
  49
  50
  51
  52
  53
  54
  55
  56
  57
  58
  59
  60
  61
  62
  63
  64
  65
  66
  67
  68
  69
  70
  71
  72
  73
  74
  75
  76
  77
  78
  79
  80
  81
  82
  83
  84
  85
  86
  87
  88
  89
  90
  91
  92
  93
  94
  95
  96
  97
  98
  99
  100
  101
  102
  103
  104
  105
  106
  107
  108
  109
  110
  111
  112
  113
  114
  115
  116
  117
  118
  119
  120
  121
  122
  123
  124
  125
  126
  127
  128
  129
  130
  131
  132
  133
  134
  135
  136
  137
  138
  139
  140
  141
  142
  143
  144
  145
  146
  147
  148
  149
  150
  151
  152
  153
  154
  155
  156
  157
  158
  159
  160
  161
  162
  163
  164
  165
  166
  167
  168
  169
  170
  171
  172
  173
  174
  175
  176
  177
  178
  179
  180
  181
  182
  183
  184
  185
  186
  187
  188
  189
  190
  191
  192
  193
  194
  195
  196
  197
  198
  199
  200
  201
  202
  203
  204
  205
  206
  207
  208
  209
  210
  211
  212
  213
  214
  215
  216
  217
  218
  219
  220
  221
  222
  223
  224
  225
  226
  227
  228
  229
  230
  231
  232
  233
  234
  235
  236
  237
  238
  239
  240
  241
  242
  243
  244
  245
  246
  247
  248
  249
  250
  251
  252
  253
  254
  255
  0
  1
  2
  3
  4
  5
  6
  7
  8
  9
  10
  11
  12
  13
  14
  15
  16
  17
  18
  19
  20
  21
  22
  23
  24
  25
  26
  27
  28
  29
  30
  31
  32
  33
  34
  35
  36
  37
  38
  39
  40
  41
  42
  43
  44
  45
  46
  47
  48
  49
  50
  51
  52
  53
  54
  55
  56
  57
  58
  59
  60
  61
  62
  63
  64
  65
  66
  67
  68
  69
  70
  71
  72
  73
  74
  75
  76
  77
  78
  79
  80
  81
  82
  83
  84
  85
  86
  87
  88
  89
  90
  91
  92
  93
  94
  95
  96
  97
  98
  99
  100
  101
  102
  103
  104
  105
  106
  107
  108
  109
  110
  111
  112
  113
  114
  115
  116
  117
  118
  119
  120
  121
  122
  123
  124
  125
  126
  127
  128
  129
  130
  131
  132
  133
  134
  135
  136
  137
  138
  139
  140
  141
  142
  143
  144
  145
  146
  147
  148
  149
  150
  151
  152
  153
  154
  155
  156
  157
  158
  159
  160
  161
  162
  163
  164
  165
  166
  167
  168
  169
  170
  171
  172
  173
  174
  175
  176
  177
  178
  179
  180
  181
  182
  183
  184
  185
  186
  187
  188
  189
  190
  191
  192
  193
  194
  195
  196
  197
  198
  199
  200
  201
  202
  203
  204
  205
  206
  207
  208
  209
  210
  211
  212
  213
  214
  215
  216
  217
  218
  219
  220
  221
  222
  223
  224
  225
  226
  227
  228
  229
  230
  231
  232
  233
  234
  235
  236
  237
  238
  239
  240
  241
  242
  243
  244
  245
  246
  247
  248
  249
  250
  251
  252
  253
  254
  255
.compile
  Compiling...
  4688 bytes
logread-sd print 1
  0
  1
  2
  3
  4
  5
  6
  7
  8
  9
  10
  11
  12
  13
  14
  15
  16
  17
  18
  19
  20
  21
  22
  23
  24
  25
  26
  27
  28
  29
  30
  31
  32
  33
  34
  35
  36
  37
  38
  39
  40
  41
  42
  43
  44
  45
  46
  47
  48
  49
  50
  51
  52
  53
  54
  55
  56
  57
  58
  59
  60
  61
  62
  63
  64
  65
  66
  67
  68
  69
  70
  71
  72
  73
  74
  75
  76
  77
  78
  79
  80
  81
  82
  83
  84
  85
  86
  87
  88
  89
  90
  91
  92
  93
  94
  95
  96
  97
  98
  99
  100
  101
  102
  103
  104
  105
  106
  107
  108
  109
  110
  111
  112
  113
  114
  115
  116
  117
  118
  119
  120
  121
  122
  123
  124
  125
  126
  127
  128
  129
  130
  131
  132
  133
  134
  135
  136
  137
  138
  139
  140
  141
  142
  143
  144
  145
  146
  147
  148
  149
  150
  151
  152
  153
  154
  155
  156
  157
  158
  159
  160
  161
  162
  163
  164
  165
  166
  167
  168
  169
  170
  171
  172
  173
  174
  175
  176
  177
  178
  179
  180
  181
  182
  183
  184
  185
  186
  187
  188
  189
  190
  191
  192
  193
  194
  195
  196
  197
  198
  199
  200
  201
  202
  203
  204
  205
  206
  207
  208
  209
  210
  211
  212
  213
  214
  215
  216
  217
  218
  219
  220
  221
  222
  223
  224
  225
  226
  227
  228
  229
  230
  231
  232
  233
  234
  235
  236
  237
  238
  239
  240
  241
  242
  243
  244
  245
  246
  247
  248
  249
  250
  251
  252
  253
  254
  255
  0
  1
  2
  3
  4
  5
  6
  7
  8
  9
  10
  11
  12
  13
  14
  15
  16
  17
  18
  19
  20
  21
  22
  23
  24
  25
  26
  27
  28
  29
  30
  31
  32
  33
  34
  35
  36
  37
  38
  39
  40
  41
  42
  43
  44
  45
  46
  47
  48
  49
  50
  51
  52
  53
  54
  55
  56
  57
  58
  59
  60
  61
  62
  63
  64
  65
  66
  67
  68
  69
  70
  71
  72
  73
  74
  75
  76
  77
  78
  79
  80
  81
  82
  83
  84
  85
  86
  87
  88
  89
  90
  91
  92
  93
  94
  95
  96
  97
  98
  99
  100
  101
  102
  103
  104
  105
  106
  107
  108
  109
  110
  111
  112
  113
  114
  115
  116
  117
  118
  119
  120
  121
  122
  123
  124
  125
  126
  127
  128
  129
  130
  131
  132
  133
  134
  135
  136
  137
  138
  139
  140
  141
  142
  143
  144
  145
  146
  147
  148
  149
  150
  151
  152
  153
  154
  155
  156
  157
  158
  159
  160
  161
  162
  163
  164
  165
  166
  167
  168
  169
  170
  171
  172
  173
  174
  175
  176
  177
  178
  179
  180
  181
  182
  183
  184
  185
  186
  187
  188
  189
  190
  191
  192
  193
  194
  195
  196
  197
  198
  199
  200
  201
  202
  203
  204
  205
  206
  207
  208
  209
  210
  211
  212
  213
  214
  215
  216
  217
  218
  219
  220
  221
  222
  223
  224
  225
  226
  227
  228
  229
  230
  231
  232
  233
  234
  235
  236
  237
  238
  239
  240
  241
  242
  243
  244
  245
  246
  247
  248
  249
  250
  251
  252
  253
  254
  255
  1
setn 0
repeat 512 [manlog-sd 0 n setn n + 1] print 1
  1
logread-sd print 1234
  0
  0
  0
  0
  0
  0
  0
  0
  0
  0
  0
  0
  0
  0
  0
  0
  0
  0
  0
  0
  0
  0
  0
  0
  0
  0
  0
  0
  0
  0
  0
  0
  0
  0
  0
  0
  0
  0
  0
  0
  0
  0
  0
  0
  0
  0
  0
  0
  0
  0
  0
  0
  0
  0
  0
  0
  0
  0
  0
  0
  0
  0
  0
  0
  0
  0
  0
  0
  0
  0
  0
  0
  0
  0
  0
  0
  0
  0
  0
  0
  0
  0
  0
  0
  0
  0
  0
  0
  0
  0
  0
  0
  0
  0
  0
  0
  0
  0
  0
  0
  0
  0
  0
  0
  0
  0
  0
  0
  0
  0
  0
  0
  0
  0
  0
  0
  0
  0
  0
  0
  0
  0
  0
  0
  0
  0
  0
  0
  0
  0
  0
  0
  0
  0
  0
  0
  0
  0
  0
  0
  0
  0
  0
  0
  0
  0
  0
  0
  0
  0
  0
  0
  0
  0
  0
  0
  0
  0
  0
  0
  0
  0
  0
  0
  0
  0
  0
  0
  0
  0
  0
  0
  0
  0
  0
  0
  0
  0
  0
  0
  0
  0
  0
  0
  0
  0
  0
  0
  0
  0
  0
  0
  0
  0
  0
  0
  0
  0
  0
  0
  0
  0
  0
  0
  0
  0
  0
  0
  0
  0
  0
  0
  0
  0
  0
  0
  0
  0
  0
  0
  0
  0
  0
  0
  0
  0
  0
  0
  0
  0
  0
  0
  0
  0
  0
  0
  0
  0
  0
  0
  0
  0
  0
  0
  0
  0
  0
  0
  0
  0
  0
  0
  0
  0
  0
  0
  0
  0
  0
  0
  0
  0
  0
  0
  0
  0
  0
  0
  0
  0
  0
  0
  0
  0
  0
  0
  0
  0
  0
  0
  0
  0
  0
  0
  0
  0
  0
  0
  0
  0
  0
  0
  0
  0
  0
  0
  0
  0
  0
  0
  0
  0
  0
  0
  0
  0
  0
  0
  0
  0
  0
  0
  0
  0
  0
  0
  0
  0
  0
  0
  0
  0
  0
  0
  0
  0
  0
  0
  0
  0
  0
  0
  0
  0
  0
  0
  0
  0
  0
  0
  0
  0
  0
  0
  0
  0
  0
  0
  0
  0
  0
  0
  0
  0
  0
  0
  0
  0
  0
  0
  0
  0
  0
  0
  0
  0
  0
  0
  0
  0
  0
  0
  0
  0
  0
  0
  0
  0
  0
  0
  0
  0
  0
  0
  0
  0
  0
  0
  0
  0
  0
  0
  0
  0
  0
  0
  0
  0
  0
  0
  0
  0
  0
  0
  0
  0
  0
  0
  0
  0
  0
  0
  0
  0
  0
  0
  0
  0
  0
  0
  0
  0
  0
  0
  0
  0
  0
  0
  0
  0
  0
  0
  0
  0
  0
  0
  0
  0
  0
  0
  0
  0
  0
  0
  0
  0
  0
  0
  0
  0
  0
  0
  0
  0
  0
  0
  0
  0
  0
  0
  0
  0
  0
  0
  0
  0
  0
  0
  0
  0
  0
  0
  0
  0
  0
  0
  0
  0
  0
  0
  0
  0
  0
  0
  0
  0
  0
  0
  0
  0
  0
  0
  0
  0
  0
  0
  0
  0
  0
  0
  0
  0
  0
  0
  0
  0
  0
  0
  0
  0
  0
  0
  1234
read-sd 0 0
logread-sd print 1234
  0
  0
  0
  0
  0
  0
  0
  0
  0
  0
  0
  0
  0
  0
  0
  0
  0
  0
  0
  0
  0
  0
  0
  0
  0
  0
  0
  0
  0
  0
  0
  0
  0
  0
  0
  0
  0
  0
  0
  0
  0
  0
  0
  0
  0
  0
  0
  0
  0
  0
  0
  0
  0
  0
  0
  0
  0
  0
  0
  0
  0
  0
  0
  0
  0
  0
  0
  0
  0
  0
  0
  0
  0
  0
  0
  0
  0
  0
  0
  0
  0
  0
  0
  0
  0
  0
  0
  0
  0
  0
  0
  0
  0
  0
  0
  0
  0
  0
  0
  0
  0
  0
  0
  0
  0
  0
  0
  0
  0
  0
  0
  0
  0
  0
  0
  0
  0
  0
  0
  0
  0
  0
  0
  0
  0
  0
  0
  0
  0
  0
  0
  0
  0
  0
  0
  0
  0
  0
  0
  0
  0
  0
  0
  0
  0
  0
  0
  0
  0
  0
  0
  0
  0
  0
  0
  0
  0
  0
  0
  0
  0
  0
  0
  0
  0
  0
  0
  0
  0
  0
  0
  0
  0
  0
  0
  0
  0
  0
  0
  0
  0
  0
  0
  0
  0
  0
  0
  0
  0
  0
  0
  0
  0
  0
  0
  0
  0
  0
  0
  0
  0
  0
  0
  0
  0
  0
  0
  0
  0
  0
  0
  0
  0
  0
  0
  0
  0
  0
  0
  0
  0
  0
  0
  0
  0
  0
  0
  0
  0
  0
  0
  0
  0
  0
  0
  0
  0
  0
  0
  0
  0
  0
  0
  0
  0
  0
  0
  0
  0
  0
  0
  0
  0
  0
  0
  0
  0
  0
  0
  0
  0
  0
  0
  0
  0
  0
  0
  0
  0
  0
  0
  0
  0
  0
  0
  0
  0
  0
  0
  0
  0
  0
  0
  0
  0
  0
  0
  0
  0
  0
  0
  0
  0
  0
  0
  0
  0
  0
  0
  0
  0
  0
  0
  0
  0
  0
  0
  0
  0
  0
  0
  0
  0
  0
  0
  0
  0
  0
  0
  0
  0
  0
  0
  0
  0
  0
  0
  0
  0
  0
  0
  0
  0
  0
  0
  0
  0
  0
  0
  0
  0
  0
  0
  0
  0
  0
  0
  0
  0
  0
  0
  0
  0
  0
  0
  0
  0
  0
  0
  0
  0
  0
  0
  0
  0
  0
  0
  0
  0
  0
  0
  0
  0
  0
  0
  0
  0
  0
  0
  0
  0
  0
  0
  0
  0
  0
  0
  0
  0
  0
  0
  0
  0
  0
  0
  0
  0
  0
  0
  0
  0
  0
  0
  0
  0
  0
  0
  0
  0
  0
  0
  0
  0
  0
  0
  0
  0
  0
  0
  0
  0
  0
  0
  0
  0
  0
  0
  0
  0
  0
  0
  0
  0
  0
  0
  0
  0
  0
  0
  0
  0
  0
  0
  0
  0
  0
  0
  0
  0
  0
  0
  0
  0
  0
  0
  0
  0
  0
  0
  0
  0
  0
  0
  0
  0
  0
  0
  0
  0
  0
  0
  0
  0
  0
  0
  0
  0
  0
  0
  0
  0
  0
  0
  0
  0
  0
  0
  0
  0
  0
  0
  0
  0
  0
  0
  0
  0
  0
  0
  0
  0
  0
  0
  0
  0
  0
  0
  0
  0
  0
  0
  0
  1234
pinit-sd
  pinit-sd undefined
init-sd
  SD Initiation Successful
read-sd 0 0 print 1234
  1234
logread-sd
  0
  1
  2
  3
  4
  5
  6
  7
  8
  9
  10
  11
  12
  13
  14
  15
  16
  17
  18
  19
  20
  21
  22
  23
  24
  25
  26
  27
  28
  29
  30
  31
  32
  33
  34
  35
  36
  37
  38
  39
  40
  41
  42
  43
  44
  45
  46
  47
  48
  49
  50
  51
  52
  53
  54
  55
  56
  57
  58
  59
  60
  61
  62
  63
  64
  65
  66
  67
  68
  69
  70
  71
  72
  73
  74
  75
  76
  77
  78
  79
  80
  81
  82
  83
  84
  85
  86
  87
  88
  89
  90
  91
  92
  93
  94
  95
  96
  97
  98
  99
  100
  101
  102
  103
  104
  105
  106
  107
  108
  109
  110
  111
  112
  113
  114
  115
  116
  117
  118
  119
  120
  121
  122
  123
  124
  125
  126
  127
  128
  129
  130
  131
  132
  133
  134
  135
  136
  137
  138
  139
  140
  141
  142
  143
  144
  145
  146
  147
  148
  149
  150
  151
  152
  153
  154
  155
  156
  157
  158
  159
  160
  161
  162
  163
  164
  165
  166
  167
  168
  169
  170
  171
  172
  173
  174
  175
  176
  177
  178
  179
  180
  181
  182
  183
  184
  185
  186
  187
  188
  189
  190
  191
  192
  193
  194
  195
  196
  197
  198
  199
  200
  201
  202
  203
  204
  205
  206
  207
  208
  209
  210
  211
  212
  213
  214
  215
  216
  217
  218
  219
  220
  221
  222
  223
  224
  225
  226
  227
  228
  229
  230
  231
  232
  233
  234
  235
  236
  237
  238
  239
  240
  241
  242
  243
  244
  245
  246
  247
  248
  249
  250
  251
  252
  253
  254
  255
  0
  1
  2
  3
  4
  5
  6
  7
  8
  9
  10
  11
  12
  13
  14
  15
  16
  17
  18
  19
  20
  21
  22
  23
  24
  25
  26
  27
  28
  29
  30
  31
  32
  33
  34
  35
  36
  37
  38
  39
  40
  41
  42
  43
  44
  45
  46
  47
  48
  49
  50
  51
  52
  53
  54
  55
  56
  57
  58
  59
  60
  61
  62
  63
  64
  65
  66
  67
  68
  69
  70
  71
  72
  73
  74
  75
  76
  77
  78
  79
  80
  81
  82
  83
  84
  85
  86
  87
  88
  89
  90
  91
  92
  93
  94
  95
  96
  97
  98
  99
  100
  101
  102
  103
  104
  105
  106
  107
  108
  109
  110
  111
  112
  113
  114
  115
  116
  117
  118
  119
  120
  121
  122
  123
  124
  125
  126
  127
  128
  129
  130
  131
  132
  133
  134
  135
  136
  137
  138
  139
  140
  141
  142
  143
  144
  145
  146
  147
  148
  149
  150
  151
  152
  153
  154
  155
  156
  157
  158
  159
  160
  161
  162
  163
  164
  165
  166
  167
  168
  169
  170
  171
  172
  173
  174
  175
  176
  177
  178
  179
  180
  181
  182
  183
  184
  185
  186
  187
  188
  189
  190
  191
  192
  193
  194
  195
  196
  197
  198
  199
  200
  201
  202
  203
  204
  205
  206
  207
  208
  209
  210
  211
  212
  213
  214
  215
  216
  217
  218
  219
  220
  221
  222
  223
  224
  225
  226
  227
  228
  229
  230
  231
  232
  233
  234
  235
  236
  237
  238
  239
  240
  241
  242
  243
  244
  245
  246
  247
  248
  249
  250
  251
  252
  253
  254
  255
print 1234
  1234
make list [1 2 3 4]
  list isn't a local
let [x 0]
  let can only be used in a procedure
.rr
  Opening Project  RisingData
  project reloaded
.compile
  Compiling...
  let needs a list as input in makelist
.rr
  Opening Project  RisingData
  project reloaded
.compile
  Compiling...
  you don't say what to do with 1 in makelist
let [x 0]
  let can only be used in a procedure
make "x 0
  x isn't a local
print 1234
  1234
.compile
  Compiling...
  you don't say what to do with 1 in makelist
.compile
  Compiling...
  you don't say what to do with 1 in makelist
.rr
  Opening Project  RisingData
  project reloaded
.compile
  Compiling...
  you don't say what to do with 1 in makelist
.compile
  Compiling...
  4688 bytes
print :values
  values has no value
print values
  136
print nth 0 values
  nth undefined





print 1234
  1234
print readADC 0
  readADC undefined
.compile
  Compiling...
  4688 bytes
print readADC 0
  2048
print readADC 1
  2048
print readADC 2
  2048
print readADC 3
  2048
print readADC 4
  2048
print readADC 0
  2048
print readADC 0
  2048
print readADC 0
print readADC 0
  2048
  2048




































































































































































































print 1234
  1234
.compile
  Compiling...
  4688 bytes
.ul-power
init-SD
  SD Initiation Failure: Card Not Resesting
.ul-init
init-sd
  SD Initiation Successful
ul-power
init-SD
  SD Initiation Successful



print 1234
  1234
.compile
  Compiling...
  4688 bytes
init-sd
  SD Initiation Failure: Card Not Resesting
init-sd
  SD Initiation Successful
init-sd
  SD Initiation Successful
logread-sd
  132
  0
  0
  80
  2
  128
  32
  1
  18
  1
  0
  6
  0
  0
  9
  40
  24
  17
  8
  32
  0
  64
  2
  0
  2
  66
  16
  128
  130
  96
  32
  0
  0
  2
  0
  8
  0
  144
  0
  2
  136
  1
  4
  2
  160
  0
  33
  0
  120
  0
  32
  16
  32
  1
  0
  64
  2
  0
  33
  140
  24
  152
  2
  32
  64
  0
  16
  16
  4
  1
  8
  0
  18
  96
  0
  0
  16
  1
  4
  136
  129
  0
  64
  32
  0
  2
  17
  10
  0
  1
  8
  5
  0
  0
  0
  160
  64
  130
  0
  1
  32
  64
  18
  5
  172
  20
  148
  0
  2
  4
  128
  0
  48
  38
  96
  32
  18
  16
  4
  0
  14
  16
  161
  0
  130
  64
  16
  0
  0
  0
  0
  0
  8
  65
  12
  1
  2
  128
  21
  0
  10
  2
  0
  136
  0
  112
  32
  1
  0
  16
  0
  0
  64
  130
  0
  8
  64
  160
  0
  1
  112
  32
  64
  0
  0
  128
  128
  8
  145
  0
  225
  4
  32
  160
  0
  0
  65
  0
  0
  2
  68
  0
  0
  48
  2
  1
  128
  32
  128
  0
  13
  128
  8
  160
  128
  0
  64
  233
  0
  32
  72
  5
  11
  0
  3
  0
  0
  32
  128
  33
  64
  0
  32
  0
  0
  0
  0
  8
  17
  0
  18
  0
  80
  0
  1
  32
  0
  0
  72
  8
  32
  136
  152
  4
  0
  162
  16
  0
  0
  74
  4
  8
  80
  4
  4
  20
  2
  2
  2
  16
  8
  4
  144
  28
  0
  0
  255
  221
  255
  125
  222
  254
  252
  251
  255
  239
  63
  255
  246
  255
  175
  253
  95
  119
  223
  253
  184
  242
  255
  255
  253
  255
  253
  247
  255
  189
  255
  237
  253
  223
  127
  237
  159
  63
  60
  191
  181
  127
  127
  223
  191
  254
  255
  254
  237
  255
  251
  253
  255
  221
  191
  119
  255
  126
  95
  95
  255
  191
  255
  239
  218
  255
  254
  255
  183
  245
  255
  255
  251
  190
  239
  255
  126
  251
  255
  255
  119
  239
  223
  255
  255
  126
  207
  127
  199
  255
  237
  111
  127
  188
  243
  255
  122
  247
  91
  255
  191
  223
  187
  255
  255
  254
  253
  251
  255
  255
  239
  253
  254
  127
  223
  223
  187
  223
  249
  223
  254
  239
  255
  111
  239
  247
  255
  255
  127
  247
  254
  255
  127
  255
  127
  125
  229
  246
  255
  223
  254
  127
  251
  255
  255
  251
  127
  255
  255
  255
  255
  255
  215
  251
  191
  215
  247
  255
  122
  221
  255
  253
  254
  255
  247
  191
  191
  254
  255
  206
  239
  127
  255
  255
  247
  255
  125
  221
  126
  181
  253
  103
  127
  249
  255
  239
  249
  248
  239
  230
  211
  251
  254
  247
  237
  255
  219
  255
  255
  215
  175
  247
  127
  249
  255
  255
  255
  238
  191
  223
  219
  255
  175
  191
  47
  255
  255
  255
  225
  247
  127
  247
  251
  254
  247
  119
  255
  255
  219
  221
  247
  254
  239
  125
  251
  250
  247
  127
  254
  127
  191
  250
  239
  127
  191
  255
  247
  123
  245
  255
  223
  127
  251
  255
  255
  255
read-sd 0 0
uinit-sd
  uinit-sd undefined
uinit-sd
  uinit-sd undefined
uninit-sd
logread-sd
  0
  1
  2
  3
  4
  5
  6
  7
  8
  9
  10
  11
  12
  13
  14
  15
  16
  17
  18
  19
  20
  21
  22
  23
  24
  25
  26
  27
  28
  29
  30
  31
  32
  33
  34
  35
  36
  37
  38
  39
  40
  41
  42
  43
  44
  45
  46
  47
  48
  49
  50
  51
  52
  53
  54
  55
  56
  57
  58
  59
  60
  61
  62
  63
  64
  65
  66
  67
  68
  69
  70
  71
  72
  73
  74
  75
  76
  77
  78
  79
  80
  81
  82
  83
  84
  85
  86
  87
  88
  89
  90
  91
  92
  93
  94
  95
  96
  97
  98
  99
  100
  101
  102
  103
  104
  105
  106
  107
  108
  109
  110
  111
  112
  113
  114
  115
  116
  117
  118
  119
  120
  121
  122
  123
  124
  125
  126
  127
  128
  129
  130
  131
  132
  133
  134
  135
  136
  137
  138
  139
  140
  141
  142
  143
  144
  145
  146
  147
  148
  149
  150
  151
  152
  153
  154
  155
  156
  157
  158
  159
  160
  161
  162
  163
  164
  165
  166
  167
  168
  169
  170
  171
  172
  173
  174
  175
  176
  177
  178
  179
  180
  181
  182
  183
  184
  185
  186
  187
  188
  189
  190
  191
  192
  193
  194
  195
  196
  197
  198
  199
  200
  201
  202
  203
  204
  205
  206
  207
  208
  209
  210
  211
  212
  213
  214
  215
  216
  217
  218
  219
  220
  221
  222
  223
  224
  225
  226
  227
  228
  229
  230
  231
  232
  233
  234
  235
  236
  237
  238
  239
  240
  241
  242
  243
  244
  245
  246
  247
  248
  249
  250
  251
  252
  253
  254
  255
  0
  1
  2
  3
  4
  5
  6
  7
  8
  9
  10
  11
  12
  13
  14
  15
  16
  17
  18
  19
  20
  21
  22
  23
  24
  25
  26
  27
  28
  29
  30
  31
  32
  33
  34
  35
  36
  37
  38
  39
  40
  41
  42
  43
  44
  45
  46
  47
  48
  49
  50
  51
  52
  53
  54
  55
  56
  57
  58
  59
  60
  61
  62
  63
  64
  65
  66
  67
  68
  69
  70
  71
  72
  73
  74
  75
  76
  77
  78
  79
  80
  81
  82
  83
  84
  85
  86
  87
  88
  89
  90
  91
  92
  93
  94
  95
  96
  97
  98
  99
  100
  101
  102
  103
  104
  105
  106
  107
  108
  109
  110
  111
  112
  113
  114
  115
  116
  117
  118
  119
  120
  121
  122
  123
  124
  125
  126
  127
  128
  129
  130
  131
  132
  133
  134
  135
  136
  137
  138
  139
  140
  141
  142
  143
  144
  145
  146
  147
  148
  149
  150
  151
  152
  153
  154
  155
  156
  157
  158
  159
  160
  161
  162
  163
  164
  165
  166
  167
  168
  169
  170
  171
  172
  173
  174
  175
  176
  177
  178
  179
  180
  181
  182
  183
  184
  185
  186
  187
  188
  189
  190
  191
  192
  193
  194
  195
  196
  197
  198
  199
  200
  201
  202
  203
  204
  205
  206
  207
  208
  209
  210
  211
  212
  213
  214
  215
  216
  217
  218
  219
  220
  221
  222
  223
  224
  225
  226
  227
  228
  229
  230
  231
  232
  233
  234
  235
  236
  237
  238
  239
  240
  241
  242
  243
  244
  245
  246
  247
  248
  249
  250
  251
  252
  253
  254
  255
setSD_Block_High 0
setSD_Block_Low 0
init-sd
  SD Initiation Successful
erase_sd 0 0 0 1
  erase_sd undefined
erase-sd 0 0 0 1
  Erase Successful
setm 0
repeat 64 [
writeb ($1500 + n) m
setn n+1 ]
  n+1 undefined
setn n + 1 ]
.compile
  Compiling...
  4798 bytes
.download
  4798 bytes
.ul-power
.ul-init
  SD Initiation Successful
.test-sd
  I don't know how to test-sd
test-sd
  SD Initiation Successful
  Erase Successful
  0
  0
  0
  0
  0
  0
  0
  0
  0
  0
  0
  0
  0
  0
  0
  0
  0
  0
  0
  0
  0
  0
  0
  0
  0
  0
  0
  0
  0
  0
  0
  0
  0
  0
  0
  0
  0
  0
  0
  0
  0
  0
  0
  0
  0
  0
  0
  0
  0
  0
  0
  0
  0
  0
  0
  0
  0
  0
  0
  0
  0
  0
  0
  0
  0
  0
  0
  0
  0
  0
  0
  0
  0
  0
  0
  0
  0
  0
  0
  0
  0
  0
  0
  0
  0
  0
  0
  0
  0
  0
  0
  0
  0
  0
  0
  0
  0
  0
  0
  0
  0
  0
  0
  0
  0
  0
  0
  0
  0
  0
  0
  0
  0
  0
  0
  0
  0
  0
  0
  0
  0
  0
  0
  0
  0
  0
  0
  0
  0
  0
  0
  0
  0
  0
  0
  0
  0
  0
  0
  0
  0
  0
  0
  0
  0
  0
  0
  0
  0
  0
  0
  0
  0
  0
  0
  0
  0
  0
  0
  0
  0
  0
  0
  0
  0
  0
  0
  0
  0
  0
  0
  0
  0
  0
  0
  0
  0
  0
  0
  0
  0
  0
  0
  0
  0
  0
  0
  0
  0
  0
  0
  0
  0
  0
  0
  0
  0
  0
  0
  0
  0
  0
  0
  0
  0
  0
  0
  0
  0
  0
  0
  0
  0
  0
  0
  0
  0
  0
  0
  0
  0
  0
  0
  0
  0
  0
  0
  0
  0
  0
  0
  0
  0
  0
  0
  0
  0
  0
  0
  0
  0
  0
  0
  0
  0
  0
  0
  0
  0
  0
  0
  0
  0
  0
  0
  0
  0
  0
  0
  0
  0
  0
  0
  0
  0
  0
  0
  0
  0
  0
  0
  0
  0
  0
  0
  0
  0
  0
  0
  0
  0
  0
  0
  0
  0
  0
  0
  0
  0
  0
  0
  0
  0
  0
  0
  0
  0
  0
  0
  0
  0
  0
  0
  0
  0
  0
  0
  0
  0
  0
  0
  0
  0
  0
  0
  0
  0
  0
  0
  0
  0
  0
  0
  0
  0
  0
  0
  0
  0
  0
  0
  0
  0
  0
  0
  0
  0
  0
  0
  0
  0
  0
  0
  0
  0
  0
  0
  0
  0
  0
  0
  0
  0
  0
  0
  0
  0
  0
  0
  0
  0
  0
  0
  0
  0
  0
  0
  0
  0
  0
  0
  0
  0
  0
  0
  0
  0
  0
  0
  0
  0
  0
  0
  0
  0
  0
  0
  0
  0
  0
  0
  0
  0
  0
  0
  0
  0
  0
  0
  0
  0
  0
  0
  0
  0
  0
  0
  0
  0
  0
  0
  0
  0
  0
  0
  0
  0
  0
  0
  0
  0
  0
  0
  0
  0
  0
  0
  0
  0
  0
  0
  0
  0
  0
  0
  0
  0
  0
  0
  0
  0
  0
  0
  0
  0
  0
  0
  0
  0
  0
  0
  0
  0
  0
  0
  0
  0
  0
  0
  0
  0
  0
  0
  0
  0
  0
  0
  0
  0
  0
  0
  0
  0
  0
  0
  0
  0
  0
  0
  0
  0
  0
  0
  0
  0
  0
  0
  0
  0
  0
  0
  0
  0
  0
  0
  0
  0
  0
  0
  0
  0
  0
  0
  0
  0
  0
  0
  0
  0
  0
  0
  0
  0
  0
  0
  0
  0
  0
  0
  0
  1
  1
  1
  1
  1
  1
  1
  1
  2
  2
  2
  2
  2
  2
  2
  2
  3
  3
  3
  3
  3
  3
  3
  3
  4
  4
  4
  4
  4
  4
  4
  4
  5
  5
  5
  5
  5
  5
  5
  5
  6
  6
  6
  6
  6
  6
  6
  6
  7
  7
  7
  7
  7
  7
  7
  7
  8
  8
  8
  8
  8
  8
  8
  8
  9
  9
  9
  9
  9
  9
  9
  9
  10
  10
  10
  10
  10
  10
  10
  10
  11
  11
  11
  11
  11
  11
  11
  11
  12
  12
  12
  12
  12
  12
  12
  12
  13
  13
  13
  13
  13
  13
  13
  13
  14
  14
  14
  14
  14
  14
  14
  14
  15
  15
  15
  15
  15
  15
  15
  15
  16
  16
  16
  16
  16
  16
  16
  16
  17
  17
  17
  17
  17
  17
  17
  17
  18
  18
  18
  18
  18
  18
  18
  18
  19
  19
  19
  19
  19
  19
  19
  19
  20
  20
  20
  20
  20
  20
  20
  20
  21
  21
  21
  21
  21
  21
  21
  21
  22
  22
  22
  22
  22
  22
  22
  22
  23
  23
  23
  23
  23
  23
  23
  23
  24
  24
  24
  24
  24
  24
  24
  24
  25
  25
  25
  25
  25
  25
  25
  25
  26
  26
  26
  26
  26
  26
  26
  26
  27
  27
  27
  27
  27
  27
  27
  27
  28
  28
  28
  28
  28
  28
  28
  28
  29
  29
  29
  29
  29
  29
  29
  29
  30
  30
  30
  30
  30
  30
  30
  30
  31
  31
  31
  31
  31
  31
  31
  31
  32
  32
  32
  32
  32
  32
  32
  32
  33
  33
  33
  33
  33
  33
  33
  33
  34
  34
  34
  34
  34
  34
  34
  34
  35
  35
  35
  35
  35
  35
  35
  35
  36
  36
  36
  36
  36
  36
  36
  36
  37
  37
  37
  37
  37
  37
  37
  37
  38
  38
  38
  38
  38
  38
  38
  38
  39
  39
  39
  39
  39
  39
  39
  39
  40
  40
  40
  40
  40
  40
  40
  40
  41
  41
  41
  41
  41
  41
  41
  41
  42
  42
  42
  42
  42
  42
  42
  42
  43
  43
  43
  43
  43
  43
  43
  43
  44
  44
  44
  44
  44
  44
  44
  44
  45
  45
  45
  45
  45
  45
  45
  45
  46
  46
  46
  46
  46
  46
  46
  46
  47
  47
  47
  47
  47
  47
  47
  47
  48
  48
  48
  48
  48
  48
  48
  48
  49
  49
  49
  49
  49
  49
  49
  49
  50
  50
  50
  50
  50
  50
  50
  50
  51
  51
  51
  51
  51
  51
  51
  51
  52
  52
  52
  52
  52
  52
  52
  52
  53
  53
  53
  53
  53
  53
  53
  53
  54
  54
  54
  54
  54
  54
  54
  54
  55
  55
  55
  55
  55
  55
  55
  55
  56
  56
  56
  56
  56
  56
  56
  56
  57
  57
  57
  57
  57
  57
  57
  57
  58
  58
  58
  58
  58
  58
  58
  58
  59
  59
  59
  59
  59
  59
  59
  59
  60
  60
  60
  60
  60
  60
  60
  60
  61
  61
  61
  61
  61
  61
  61
  61
  62
  62
  62
  62
  62
  62
  62
  62
  63
  63
  63
  63
  63
  63
  63
  63
print 1234
  1234
readB $1fc0 10
  you don't say what to do with readb
print readb $1fc0
  64
print readb $1fc1
  0
print readb $1fc2
  4
print readb $1fc3
  4
print readb $1fc4
  0
.compile
  Compiling...
  blueofff undefined in write-packet
.compile
  Compiling...
  4824 bytes
.download
  4824 bytes
.compile
  Compiling...
  read-light-sensor undefined in ul-go
.compile
  Compiling...
  4828 bytes
.download
  4828 bytes
.ul-power
ul-init
  SD Initiation Successful
ul-go
..
  stopped.
rl $1fc0 10
  rl undefined
.rl $1fc0 10
  You don't say what to do with 12 10 255 255 224 0 139 8 2 0
.print rl $1fc0 15
  12 10 255 255 225 0 94 16 2 0 159 0 0 8 21
print read-Optical-sensor
  2048
print read-IR-sensor
  159
.print rl $1fc0 12
  12 10 255 255 227 0 4 32 2 0 159 0
add-checksum
.print rl $1fc0 12
  12 10 255 255 227 0 4 32 2 0 159 0
collect-data
.print rl $1fc0 12
  12 10 255 255 236 0 207 3 2 0 172 0
.print rl $1fc0 14
  12 10 255 255 236 0 207 3 2 0 172 0 0 8
.print rl $1fc0 30
  12 10 255 255 236 0 207 3 2 0 172 0 0 8 140 232 0 0 255 255 255 255 0 0 0 0 255 255 255 255
.print rl $1fc0 20
  12 10 255 255 236 0 207 3 2 0 172 0 0 8 140 232 0 0 255 255
.print rl $1fc0 16
  12 10 255 255 236 0 207 3 2 0 172 0 0 8 140 232
collect-data
.print rl $1fc0 16
  12 10 255 255 241 0 92 23 2 0 179 0 0 8 243 212
.compile
  Compiling...
  4861 bytes
.download
  4861 bytes
.write-packet-sd
  I don't know how to write-packet-sd
write-packet-sd
  12
  10
  255
  255
  241
  0
  92
  23
  2
  0
  179
  0
  0
  8
  243
  212
.compile
  Compiling...
  4869 bytes
.download
  4869 bytes
write-packet-sd
  12
  10
  255
  255
  241
  0
  92
  23
  2
  0
  179
  0
  0
  8
  243
  212
read-sd 0 16
logread-sd
  16
  16
  16
  16
  16
  16
  16
  16
  16
  16
  16
  16
  16
  16
  16
  16
  16
  16
  16
  16
  16
  16
  16
  16
  16
  16
  16
  16
  16
  16
  16
  16
  16
  16
  16
  16
  16
  16
  16
  16
  16
  16
  16
  16
  16
  16
  16
  16
  16
  16
  16
  16
  16
  16
  16
  16
  16
  16
  16
  16
  16
  16
  16
  16
  16
  16
  16
  16
  16
  16
  16
  16
  16
  16
  16
  16
  16
  16
  16
  16
  16
  16
  16
  16
  16
  16
  16
  16
  16
  16
  16
  16
  16
  16
  16
  16
  16
  16
  16
  16
  16
  16
  16
  16
  16
  16
  16
  16
  16
  16
  16
  16
  16
  16
  16
  16
  16
  16
  16
  16
  16
  16
  16
  16
  16
  16
  16
  16
  16
  16
  16
  16
  16
  16
  16
  16
  16
  16
  16
  16
  16
  16
  16
  16
  16
  16
  16
  16
  16
  16
  16
  16
  16
  16
  16
  16
  16
  16
  16
  16
  16
  16
  16
  16
  16
  16
  16
  16
  16
  16
  16
  16
  16
  16
  16
  16
  16
  16
  16
  16
  16
  16
  16
  16
  16
  16
  16
  16
  16
  16
  16
  16
  16
  16
  16
  16
  16
  16
  16
  16
  16
  16
  16
  16
  16
  16
  16
  16
  16
  16
  16
  16
  16
  16
  16
  16
  16
  16
  16
  16
  16
  16
  16
  16
  16
  16
  16
  16
  16
  16
  16
  16
  16
  16
  16
  16
  16
  16
  16
  16
  16
  16
  16
  16
  16
  16
  16
  16
  16
  16
  16
  16
  16
  16
  16
  16
  16
  16
  16
  16
  16
  16
  16
  16
  16
  16
  16
  16
  16
  16
  16
  16
  16
  16
  16
  16
  16
  16
  16
  16
  16
  16
  16
  16
  16
  16
  16
  16
  16
  16
  16
  16
  16
  16
  16
  16
  16
  16
  16
  16
  16
  16
  16
  16
  16
  16
  16
  16
  16
  16
  16
  16
  16
  16
  16
  16
  16
  16
  16
  16
  16
  16
  16
  16
  16
  16
  16
  16
  16
  16
  16
  16
  16
  16
  16
  16
  16
  16
  16
  16
  16
  16
  16
  16
  16
  16
  16
  16
  16
  16
  16
  16
  16
  16
  16
  16
  16
  16
  16
  16
  16
  16
  16
  16
  16
  16
  16
  16
  16
  16
  16
  16
  16
  16
  16
  16
  16
  16
  16
  16
  16
  16
  16
  16
  16
  16
  16
  16
  16
  16
  16
  16
  16
  16
  16
  16
  16
  16
  16
  16
  16
  16
  16
  16
  16
  16
  16
  16
  16
  16
  16
  16
  16
  16
  16
  16
  16
  16
  16
  16
  16
  16
  16
  16
  16
  16
  16
  16
  16
  16
  16
  16
  16
  16
  16
  16
  16
  16
  16
  16
  16
  16
  16
  16
  16
  16
  16
  16
  16
  16
  16
  16
  16
  16
  16
  16
  16
  16
  16
  16
  16
  16
  16
  16
  16
  16
  16
  16
  16
  16
  16
  16
  16
  16
  16
  16
  16
  16
  16
  16
  16
  16
  16
  16
  16
  16
  16
  16
  16
  16
  16
  16
  16
  16
  16
  16
  16
  16
  16
  16
  16
  16
  16
  16
  16
  16
  16
  16
  16
  16
  16
  16
read-sd 0 0
logread-sd
  0
  0
  0
  0
  0
  0
  0
  0
  1
  1
  1
  1
  1
  1
  1
  1
  2
  2
  2
  2
  2
  2
  2
  2
  3
  3
  3
  3
  3
  3
  3
  3
  4
  4
  4
  4
  4
  4
  4
  4
  5
  5
  5
  5
  5
  5
  5
  5
  6
  6
  6
  6
  6
  6
  6
  6
  7
  7
  7
  7
  7
  7
  7
  7
  8
  8
  8
  8
  8
  8
  8
  8
  9
  9
  9
  9
  9
  9
  9
  9
  10
  10
  10
  10
  10
  10
  10
  10
  11
  11
  11
  11
  11
  11
  11
  11
  12
  12
  12
  12
  12
  12
  12
  12
  13
  13
  13
  13
  13
  13
  13
  13
  14
  14
  14
  14
  14
  14
  14
  14
  15
  15
  15
  15
  15
  15
  15
  15
  16
  16
  16
  16
  16
  16
  16
  16
  17
  17
  17
  17
  17
  17
  17
  17
  18
  18
  18
  18
  18
  18
  18
  18
  19
  19
  19
  19
  19
  19
  19
  19
  20
  20
  20
  20
  20
  20
  20
  20
  21
  21
  21
  21
  21
  21
  21
  21
  22
  22
  22
  22
  22
  22
  22
  22
  23
  23
  23
  23
  23
  23
  23
  23
  24
  24
  24
  24
  24
  24
  24
  24
  25
  25
  25
  25
  25
  25
  25
  25
  26
  26
  26
  26
  26
  26
  26
  26
  27
  27
  27
  27
  27
  27
  27
  27
  28
  28
  28
  28
  28
  28
  28
  28
  29
  29
  29
  29
  29
  29
  29
  29
  30
  30
  30
  30
  30
  30
  30
  30
  31
  31
  31
  31
  31
  31
  31
  31
  32
  32
  32
  32
  32
  32
  32
  32
  33
  33
  33
  33
  33
  33
  33
  33
  34
  34
  34
  34
  34
  34
  34
  34
  35
  35
  35
  35
  35
  35
  35
  35
  36
  36
  36
  36
  36
  36
  36
  36
  37
  37
  37
  37
  37
  37
  37
  37
  38
  38
  38
  38
  38
  38
  38
  38
  39
  39
  39
  39
  39
  39
  39
  39
  40
  40
  40
  40
  40
  40
  40
  40
  41
  41
  41
  41
  41
  41
  41
  41
  42
  42
  42
  42
  42
  42
  42
  42
  43
  43
  43
  43
  43
  43
  43
  43
  44
  44
  44
  44
  44
  44
  44
  44
  45
  45
  45
  45
  45
  45
  45
  45
  46
  46
  46
  46
  46
  46
  46
  46
  47
  47
  47
  47
  47
  47
  47
  47
  48
  48
  48
  48
  48
  48
  48
  48
  49
  49
  49
  49
  49
  49
  49
  49
  50
  50
  50
  50
  50
  50
  50
  50
  51
  51
  51
  51
  51
  51
  51
  51
  52
  52
  52
  52
  52
  52
  52
  52
  53
  53
  53
  53
  53
  53
  53
  53
  54
  54
  54
  54
  54
  54
  54
  54
  55
  55
  55
  55
  55
  55
  55
  55
  56
  56
  56
  56
  56
  56
  56
  56
  57
  57
  57
  57
  57
  57
  57
  57
  58
  58
  58
  58
  58
  58
  58
  58
  59
  59
  59
  59
  59
  59
  59
  59
  60
  60
  60
  60
  60
  60
  60
  60
  61
  61
  61
  61
  61
  61
  61
  61
  62
  62
  62
  62
  62
  62
  62
  62
  63
  63
  63
  63
  63
  63
  63
  63



























































































print 123
  123
init-sd
  init-sd undefined
.compile
  Compiling...
  4869 bytes
init-sd
  SD Initiation Successful
logread-sd
  0
  0
  0
  0
  0
  0
  0
  0
  1
  1
  1
  1
  1
  1
  1
  1
  2
  2
  2
  2
  2
  2
  2
  2
  3
  3
  3
  3
  3
  3
  3
  3
  4
  4
  4
  4
  4
  4
  4
  4
  5
  5
  5
  5
  5
  5
  5
  5
  6
  6
  6
  6
  6
  6
  6
  6
  7
  7
  7
  7
  7
  7
  7
  7
  8
  8
  8
  8
  8
  8
  8
  8
  9
  9
  9
  9
  9
  9
  9
  9
  10
  10
  10
  10
  10
  10
  10
  10
  11
  11
  11
  11
  11
  11
  11
  11
  12
  12
  12
  12
  12
  12
  12
  12
  13
  13
  13
  13
  13
  13
  13
  13
  14
  14
  14
  14
  14
  14
  14
  14
  15
  15
  15
  15
  15
  15
  15
  15
  16
  16
  16
  16
  16
  16
  16
  16
  17
  17
  17
  17
  17
  17
  17
  17
  18
  18
  18
  18
  18
  18
  18
  18
  19
  19
  19
  19
  19
  19
  19
  19
  20
  20
  20
  20
  20
  20
  20
  20
  21
  21
  21
  21
  21
  21
  21
  21
  22
  22
  22
  22
  22
  22
  22
  22
  23
  23
  23
  23
  23
  23
  23
  23
  24
  24
  24
  24
  24
  24
  24
  24
  25
  25
  25
  25
  25
  25
  25
  25
  26
  26
  26
  26
  26
  26
  26
  26
  27
  27
  27
  27
  27
  27
  27
  27
  28
  28
  28
  28
  28
  28
  28
  28
  29
  29
  29
  29
  29
  29
  29
  29
  30
  30
  30
  30
  30
  30
  30
  30
  31
  31
  31
  31
  31
  31
  31
  31
  32
  32
  32
  32
  32
  32
  32
  32
  33
  33
  33
  33
  33
  33
  33
  33
  34
  34
  34
  34
  34
  34
  34
  34
  35
  35
  35
  35
  35
  35
  35
  35
  36
  36
  36
  36
  36
  36
  36
  36
  37
  37
  37
  37
  37
  37
  37
  37
  38
  38
  38
  38
  38
  38
  38
  38
  39
  39
  39
  39
  39
  39
  39
  39
  40
  40
  40
  40
  40
  40
  40
  40
  41
  41
  41
  41
  41
  41
  41
  41
  42
  42
  42
  42
  42
  42
  42
  42
  43
  43
  43
  43
  43
  43
  43
  43
  44
  44
  44
  44
  44
  44
  44
  44
  45
  45
  45
  45
  45
  45
  45
  45
  46
  46
  46
  46
  46
  46
  46
  46
  47
  47
  47
  47
  47
  47
  47
  47
  48
  48
  48
  48
  48
  48
  48
  48
  49
  49
  49
  49
  49
  49
  49
  49
  50
  50
  50
  50
  50
  50
  50
  50
  51
  51
  51
  51
  51
  51
  51
  51
  52
  52
  52
  52
  52
  52
  52
  52
  53
  53
  53
  53
  53
  53
  53
  53
  54
  54
  54
  54
  54
  54
  54
  54
  55
  55
  55
  55
  55
  55
  55
  55
  56
  56
  56
  56
  56
  56
  56
  56
  57
  57
  57
  57
  57
  57
  57
  57
  58
  58
  58
  58
  58
  58
  58
  58
  59
  59
  59
  59
  59
  59
  59
  59
  60
  60
  60
  60
  60
  60
  60
  60
  61
  61
  61
  61
  61
  61
  61
  61
  62
  62
  62
  62
  62
  62
  62
  62
  63
  63
  63
  63
  63
  63
  63
  63
.compile
  Compiling...
  packetsize undefined in write-packet-sd
.compile
  Compiling...
  packetsize has no value in write-packet-sd
.compile
  Compiling...
  packetsize has no value in write-packet-sd
.compile
  Compiling...
  4876 bytes
.download
  4876 bytes
